#
# A fatal error has been detected by the Java Runtime Environment:
#
#  Internal Error (jvmciRuntime.cpp:1270), pid=6484, tid=18604
#  fatal error: JNI_CreateJavaVM failed with return value -4
#
# JRE version: OpenJDK Runtime Environment GraalVM CE 17.0.8+7.1 (17.0.8+7) (build 17.0.8+7-jvmci-23.0-b15)
# Java VM: OpenJDK 64-Bit Server VM GraalVM CE 17.0.8+7.1 (17.0.8+7-jvmci-23.0-b15, mixed mode, sharing, tiered, jvmci, jvmci compiler, compressed oops, compressed class ptrs, g1 gc, windows-amd64)
# No core dump will be written. Minidumps are not enabled by default on client versions of Windows
#
# If you would like to submit a bug report, please visit:
#   https://github.com/oracle/graal/issues
#

---------------  S U M M A R Y ------------

Command Line: -XX:ThreadPriorityPolicy=1 -XX:+UnlockExperimentalVMOptions -XX:+EnableJVMCIProduct -XX:-UnlockExperimentalVMOptions -javaagent:C:\Program Files\JetBrains\IntelliJ IDEA Community Edition 2022.3.2\lib\idea_rt.jar=55563:C:\Program Files\JetBrains\IntelliJ IDEA Community Edition 2022.3.2\bin -Dfile.encoding=UTF-8 com.airticket.itc.ItcApplication

Host: Intel(R) Core(TM) i5-7200U CPU @ 2.50GHz, 4 cores, 7G,  Windows 10 , 64 bit Build 19041 (10.0.19041.3636)
Time: Fri Dec  8 10:35:26 2023 India Standard Time elapsed time: 360.748008 seconds (0d 0h 6m 0s)

---------------  T H R E A D  ---------------

Current thread (0x000001d47edfb2b0):  JavaThread "JVMCI-native CompilerThread0" daemon [_thread_in_vm, id=18604, stack(0x0000007311900000,0x0000007311a00000)]


Current CompileTask:
JVMCI-native: 360827 15658       4       java.lang.invoke.DelegatingMethodHandle$Holder::reinvoke_L (20 bytes)

Stack: [0x0000007311900000,0x0000007311a00000]
Native frames: (J=compiled Java code, j=interpreted, Vv=VM code, C=native code)
V  [jvm.dll+0x66a6da]
V  [jvm.dll+0x7cadde]
V  [jvm.dll+0x7cc72e]
V  [jvm.dll+0x24535b]
V  [jvm.dll+0x4b3be9]
V  [jvm.dll+0x49ca12]
V  [jvm.dll+0x497362]
V  [jvm.dll+0x226ae1]
V  [jvm.dll+0x22503e]
V  [jvm.dll+0x78150c]
V  [jvm.dll+0x77b90a]
V  [jvm.dll+0x669525]
C  [ucrtbase.dll+0x21bb2]
C  [KERNEL32.DLL+0x17344]
C  [ntdll.dll+0x526b1]


---------------  P R O C E S S  ---------------

Threads class SMR info:
_java_thread_list=0x000001d45b04d290, length=30, elements={
0x000001d47edd3e10, 0x000001d47edd5430, 0x000001d47ede4900, 0x000001d47ede63e0,
0x000001d47ede9550, 0x000001d47edef710, 0x000001d47edfb2b0, 0x000001d47ee1c170,
0x000001d47ee1eb80, 0x000001d4581ad940, 0x000001d458686d70, 0x000001d458687250,
0x000001d459973590, 0x000001d45885e030, 0x000001d4587c47b0, 0x000001d4587c3370,
0x000001d4587c2e60, 0x000001d4587c4cc0, 0x000001d4587c51d0, 0x000001d4587c56e0,
0x000001d4587c3880, 0x000001d4587c1f30, 0x000001d4587c2440, 0x000001d45acaeab0,
0x000001d45acb40c0, 0x000001d45acb4ae0, 0x000001d45acb4ff0, 0x000001d45acb2c80,
0x000001d45acb45d0, 0x000001d45acadb80
}

Java Threads: ( => current thread )
  0x000001d47edd3e10 JavaThread "Reference Handler" daemon [_thread_blocked, id=20832, stack(0x0000007311300000,0x0000007311400000)]
  0x000001d47edd5430 JavaThread "Finalizer" daemon [_thread_blocked, id=19524, stack(0x0000007311400000,0x0000007311500000)]
  0x000001d47ede4900 JavaThread "Signal Dispatcher" daemon [_thread_blocked, id=4944, stack(0x0000007311500000,0x0000007311600000)]
  0x000001d47ede63e0 JavaThread "Attach Listener" daemon [_thread_blocked, id=4864, stack(0x0000007311600000,0x0000007311700000)]
  0x000001d47ede9550 JavaThread "Service Thread" daemon [_thread_blocked, id=10112, stack(0x0000007311700000,0x0000007311800000)]
  0x000001d47edef710 JavaThread "Monitor Deflation Thread" daemon [_thread_blocked, id=5252, stack(0x0000007311800000,0x0000007311900000)]
=>0x000001d47edfb2b0 JavaThread "JVMCI-native CompilerThread0" daemon [_thread_in_vm, id=18604, stack(0x0000007311900000,0x0000007311a00000)]
  0x000001d47ee1c170 JavaThread "C1 CompilerThread0" daemon [_thread_blocked, id=12480, stack(0x0000007311a00000,0x0000007311b00000)]
  0x000001d47ee1eb80 JavaThread "Sweeper thread" daemon [_thread_blocked, id=19096, stack(0x0000007311b00000,0x0000007311c00000)]
  0x000001d4581ad940 JavaThread "Common-Cleaner" daemon [_thread_blocked, id=20288, stack(0x0000007311c00000,0x0000007311d00000)]
  0x000001d458686d70 JavaThread "Monitor Ctrl-Break" daemon [_thread_in_native, id=6948, stack(0x0000007311e00000,0x0000007311f00000)]
  0x000001d458687250 JavaThread "Notification Thread" daemon [_thread_blocked, id=9268, stack(0x0000007311f00000,0x0000007312000000)]
  0x000001d459973590 JavaThread "mysql-cj-abandoned-connection-cleanup" daemon [_thread_blocked, id=8064, stack(0x0000007312400000,0x0000007312500000)]
  0x000001d45885e030 JavaThread "HikariPool-1 housekeeper" daemon [_thread_blocked, id=16936, stack(0x0000007312600000,0x0000007312700000)]
  0x000001d4587c47b0 JavaThread "Catalina-utility-1" [_thread_blocked, id=16016, stack(0x0000007312800000,0x0000007312900000)]
  0x000001d4587c3370 JavaThread "Catalina-utility-2" [_thread_blocked, id=19580, stack(0x0000007312900000,0x0000007312a00000)]
  0x000001d4587c2e60 JavaThread "container-0" [_thread_blocked, id=11488, stack(0x0000007312a00000,0x0000007312b00000)]
  0x000001d4587c4cc0 JavaThread "http-nio-8080-exec-1" daemon [_thread_blocked, id=18264, stack(0x0000007312b00000,0x0000007312c00000)]
  0x000001d4587c51d0 JavaThread "http-nio-8080-exec-2" daemon [_thread_blocked, id=11892, stack(0x0000007312c00000,0x0000007312d00000)]
  0x000001d4587c56e0 JavaThread "http-nio-8080-exec-3" daemon [_thread_blocked, id=8760, stack(0x0000007312d00000,0x0000007312e00000)]
  0x000001d4587c3880 JavaThread "http-nio-8080-exec-4" daemon [_thread_blocked, id=2192, stack(0x0000007312e00000,0x0000007312f00000)]
  0x000001d4587c1f30 JavaThread "http-nio-8080-exec-5" daemon [_thread_blocked, id=18900, stack(0x0000007312f00000,0x0000007313000000)]
  0x000001d4587c2440 JavaThread "http-nio-8080-exec-6" daemon [_thread_blocked, id=9576, stack(0x0000007313000000,0x0000007313100000)]
  0x000001d45acaeab0 JavaThread "http-nio-8080-exec-7" daemon [_thread_blocked, id=21176, stack(0x0000007313100000,0x0000007313200000)]
  0x000001d45acb40c0 JavaThread "http-nio-8080-exec-8" daemon [_thread_blocked, id=18960, stack(0x0000007313200000,0x0000007313300000)]
  0x000001d45acb4ae0 JavaThread "http-nio-8080-exec-9" daemon [_thread_blocked, id=10696, stack(0x0000007313300000,0x0000007313400000)]
  0x000001d45acb4ff0 JavaThread "http-nio-8080-exec-10" daemon [_thread_blocked, id=280, stack(0x0000007313400000,0x0000007313500000)]
  0x000001d45acb2c80 JavaThread "http-nio-8080-Poller" daemon [_thread_in_native, id=8808, stack(0x0000007313500000,0x0000007313600000)]
  0x000001d45acb45d0 JavaThread "http-nio-8080-Acceptor" daemon [_thread_in_native, id=19016, stack(0x0000007313600000,0x0000007313700000)]
  0x000001d45acadb80 JavaThread "DestroyJavaVM" [_thread_blocked, id=15112, stack(0x0000007310c00000,0x0000007310d00000)]

Other Threads:
  0x000001d47edce660 VMThread "VM Thread" [stack: 0x0000007311200000,0x0000007311300000] [id=1760] _threads_hazard_ptr=0x000001d45b04d290
  0x000001d4720d6af0 WatcherThread [stack: 0x0000007312000000,0x0000007312100000] [id=14964]
  0x000001d47212fce0 GCTaskThread "GC Thread#0" [stack: 0x0000007310d00000,0x0000007310e00000] [id=14684]
  0x000001d458933010 GCTaskThread "GC Thread#1" [stack: 0x0000007312100000,0x0000007312200000] [id=18556]
  0x000001d4589332d0 GCTaskThread "GC Thread#2" [stack: 0x0000007312200000,0x0000007312300000] [id=20424]
  0x000001d45897d380 GCTaskThread "GC Thread#3" [stack: 0x0000007312300000,0x0000007312400000] [id=1320]
  0x000001d472140830 ConcurrentGCThread "G1 Main Marker" [stack: 0x0000007310e00000,0x0000007310f00000] [id=6560]
  0x000001d4721419e0 ConcurrentGCThread "G1 Conc#0" [stack: 0x0000007310f00000,0x0000007311000000] [id=5748]
  0x000001d472184ac0 ConcurrentGCThread "G1 Refine#0" [stack: 0x0000007311000000,0x0000007311100000] [id=14496]
  0x000001d47ec92610 ConcurrentGCThread "G1 Service" [stack: 0x0000007311100000,0x0000007311200000] [id=9980]

Threads with active compile tasks:
JVMCI-native CompilerThread0   361030 15658       4       java.lang.invoke.DelegatingMethodHandle$Holder::reinvoke_L (20 bytes)

VM state: not at safepoint (normal execution)

VM Mutex/Monitor currently owned by a thread:  ([mutex/lock_event])
[0x000001d4720d1100] Compile_lock - owner thread: 0x000001d45acb40c0

Heap address: 0x0000000082000000, size: 2016 MB, Compressed Oops mode: 32-bit

CDS archive(s) mapped at: [0x000001d413000000-0x000001d413bd0000-0x000001d413bd0000), size 12386304, SharedBaseAddress: 0x000001d413000000, ArchiveRelocationMode: 1.
Compressed class space mapped at: 0x000001d414000000-0x000001d454000000, reserved size: 1073741824
Narrow klass base: 0x000001d413000000, Narrow klass shift: 0, Narrow klass range: 0x100000000

GC Precious Log:
 CPUs: 4 total, 4 available
 Memory: 8058M
 Large Page Support: Disabled
 NUMA Support: Disabled
 Compressed Oops: Enabled (32-bit)
 Heap Region Size: 1M
 Heap Min Capacity: 8M
 Heap Initial Capacity: 126M
 Heap Max Capacity: 2016M
 Pre-touch: Disabled
 Parallel Workers: 4
 Concurrent Workers: 1
 Concurrent Refinement Workers: 4
 Periodic GC: Disabled

Heap:
 garbage-first heap   total 151552K, used 40321K [0x0000000082000000, 0x0000000100000000)
  region size 1024K, 9 young (9216K), 1 survivors (1024K)
 Metaspace       used 83934K, committed 84480K, reserved 1179648K
  class space    used 10161K, committed 10432K, reserved 1048576K

Heap Regions: E=young(eden), S=young(survivor), O=old, HS=humongous(starts), HC=humongous(continues), CS=collection set, F=free, OA=open archive, CA=closed archive, TAMS=top-at-mark-start (previous, next)
|   0|0x0000000082000000, 0x0000000082100000, 0x0000000082100000|100%|HS|  |TAMS 0x0000000082100000, 0x0000000082000000| Complete 
|   1|0x0000000082100000, 0x0000000082200000, 0x0000000082200000|100%| O|  |TAMS 0x0000000082200000, 0x0000000082100000| Untracked 
|   2|0x0000000082200000, 0x0000000082300000, 0x0000000082300000|100%| O|  |TAMS 0x0000000082300000, 0x0000000082200000| Untracked 
|   3|0x0000000082300000, 0x0000000082400000, 0x0000000082400000|100%| O|  |TAMS 0x0000000082400000, 0x0000000082300000| Untracked 
|   4|0x0000000082400000, 0x0000000082500000, 0x0000000082500000|100%| O|  |TAMS 0x0000000082500000, 0x0000000082400000| Untracked 
|   5|0x0000000082500000, 0x0000000082600000, 0x0000000082600000|100%| O|  |TAMS 0x0000000082600000, 0x0000000082500000| Untracked 
|   6|0x0000000082600000, 0x0000000082700000, 0x0000000082700000|100%| O|  |TAMS 0x0000000082700000, 0x0000000082600000| Untracked 
|   7|0x0000000082700000, 0x0000000082800000, 0x0000000082800000|100%| O|  |TAMS 0x0000000082800000, 0x0000000082700000| Untracked 
|   8|0x0000000082800000, 0x0000000082900000, 0x0000000082900000|100%| O|  |TAMS 0x0000000082900000, 0x0000000082800000| Untracked 
|   9|0x0000000082900000, 0x0000000082a00000, 0x0000000082a00000|100%| O|  |TAMS 0x0000000082a00000, 0x0000000082900000| Untracked 
|  10|0x0000000082a00000, 0x0000000082b00000, 0x0000000082b00000|100%| O|  |TAMS 0x0000000082b00000, 0x0000000082a00000| Untracked 
|  11|0x0000000082b00000, 0x0000000082c00000, 0x0000000082c00000|100%| O|  |TAMS 0x0000000082c00000, 0x0000000082b00000| Untracked 
|  12|0x0000000082c00000, 0x0000000082d00000, 0x0000000082d00000|100%| O|  |TAMS 0x0000000082d00000, 0x0000000082c00000| Untracked 
|  13|0x0000000082d00000, 0x0000000082e00000, 0x0000000082e00000|100%| O|  |TAMS 0x0000000082e00000, 0x0000000082d00000| Untracked 
|  14|0x0000000082e00000, 0x0000000082f00000, 0x0000000082f00000|100%| O|  |TAMS 0x0000000082f00000, 0x0000000082e00000| Untracked 
|  15|0x0000000082f00000, 0x0000000083000000, 0x0000000083000000|100%| O|  |TAMS 0x0000000082f00000, 0x0000000082f00000| Untracked 
|  16|0x0000000083000000, 0x00000000830f5400, 0x0000000083100000| 95%| O|  |TAMS 0x00000000830f5400, 0x0000000083000000| Untracked 
|  17|0x0000000083100000, 0x0000000083200000, 0x0000000083200000|100%| O|  |TAMS 0x0000000083200000, 0x0000000083100000| Untracked 
|  18|0x0000000083200000, 0x0000000083300000, 0x0000000083300000|100%| O|  |TAMS 0x0000000083300000, 0x0000000083200000| Untracked 
|  19|0x0000000083300000, 0x0000000083400000, 0x0000000083400000|100%| O|  |TAMS 0x0000000083400000, 0x0000000083300000| Untracked 
|  20|0x0000000083400000, 0x0000000083500000, 0x0000000083500000|100%| O|  |TAMS 0x0000000083500000, 0x0000000083400000| Untracked 
|  21|0x0000000083500000, 0x0000000083600000, 0x0000000083600000|100%| O|  |TAMS 0x0000000083600000, 0x0000000083500000| Untracked 
|  22|0x0000000083600000, 0x0000000083700000, 0x0000000083700000|100%| O|  |TAMS 0x00000000836e1c00, 0x0000000083600000| Untracked 
|  23|0x0000000083700000, 0x0000000083800000, 0x0000000083800000|100%| O|  |TAMS 0x0000000083700000, 0x0000000083700000| Untracked 
|  24|0x0000000083800000, 0x0000000083900000, 0x0000000083900000|100%| O|  |TAMS 0x0000000083800000, 0x0000000083800000| Untracked 
|  25|0x0000000083900000, 0x0000000083a00000, 0x0000000083a00000|100%| O|  |TAMS 0x0000000083900000, 0x0000000083900000| Untracked 
|  26|0x0000000083a00000, 0x0000000083b00000, 0x0000000083b00000|100%| O|  |TAMS 0x0000000083a00000, 0x0000000083a00000| Untracked 
|  27|0x0000000083b00000, 0x0000000083c00000, 0x0000000083c00000|100%| O|  |TAMS 0x0000000083b00000, 0x0000000083b00000| Untracked 
|  28|0x0000000083c00000, 0x0000000083d00000, 0x0000000083d00000|100%| O|  |TAMS 0x0000000083c00000, 0x0000000083c00000| Untracked 
|  29|0x0000000083d00000, 0x0000000083e00000, 0x0000000083e00000|100%| O|  |TAMS 0x0000000083d00000, 0x0000000083d00000| Untracked 
|  30|0x0000000083e00000, 0x0000000083f00000, 0x0000000083f00000|100%| O|  |TAMS 0x0000000083e00000, 0x0000000083e00000| Untracked 
|  31|0x0000000083f00000, 0x0000000084000000, 0x0000000084000000|100%| O|  |TAMS 0x0000000083f00000, 0x0000000083f00000| Untracked 
|  32|0x0000000084000000, 0x000000008405da00, 0x0000000084100000| 36%| O|  |TAMS 0x0000000084000000, 0x0000000084000000| Untracked 
|  33|0x0000000084100000, 0x0000000084100000, 0x0000000084200000|  0%| F|  |TAMS 0x0000000084100000, 0x0000000084100000| Untracked 
|  34|0x0000000084200000, 0x0000000084200000, 0x0000000084300000|  0%| F|  |TAMS 0x0000000084200000, 0x0000000084200000| Untracked 
|  35|0x0000000084300000, 0x0000000084300000, 0x0000000084400000|  0%| F|  |TAMS 0x0000000084300000, 0x0000000084300000| Untracked 
|  36|0x0000000084400000, 0x0000000084400000, 0x0000000084500000|  0%| F|  |TAMS 0x0000000084400000, 0x0000000084400000| Untracked 
|  37|0x0000000084500000, 0x0000000084500000, 0x0000000084600000|  0%| F|  |TAMS 0x0000000084500000, 0x0000000084500000| Untracked 
|  38|0x0000000084600000, 0x0000000084600000, 0x0000000084700000|  0%| F|  |TAMS 0x0000000084600000, 0x0000000084600000| Untracked 
|  39|0x0000000084700000, 0x0000000084700000, 0x0000000084800000|  0%| F|  |TAMS 0x0000000084700000, 0x0000000084700000| Untracked 
|  40|0x0000000084800000, 0x0000000084800000, 0x0000000084900000|  0%| F|  |TAMS 0x0000000084800000, 0x0000000084800000| Untracked 
|  41|0x0000000084900000, 0x0000000084900000, 0x0000000084a00000|  0%| F|  |TAMS 0x0000000084900000, 0x0000000084900000| Untracked 
|  42|0x0000000084a00000, 0x0000000084a00000, 0x0000000084b00000|  0%| F|  |TAMS 0x0000000084a00000, 0x0000000084a00000| Untracked 
|  43|0x0000000084b00000, 0x0000000084b00000, 0x0000000084c00000|  0%| F|  |TAMS 0x0000000084b00000, 0x0000000084b00000| Untracked 
|  44|0x0000000084c00000, 0x0000000084c00000, 0x0000000084d00000|  0%| F|  |TAMS 0x0000000084c00000, 0x0000000084c00000| Untracked 
|  45|0x0000000084d00000, 0x0000000084d00000, 0x0000000084e00000|  0%| F|  |TAMS 0x0000000084d00000, 0x0000000084d00000| Untracked 
|  46|0x0000000084e00000, 0x0000000084e00000, 0x0000000084f00000|  0%| F|  |TAMS 0x0000000084e00000, 0x0000000084e00000| Untracked 
|  47|0x0000000084f00000, 0x0000000084f00000, 0x0000000085000000|  0%| F|  |TAMS 0x0000000084f00000, 0x0000000084f00000| Untracked 
|  48|0x0000000085000000, 0x0000000085000000, 0x0000000085100000|  0%| F|  |TAMS 0x0000000085000000, 0x0000000085000000| Untracked 
|  49|0x0000000085100000, 0x0000000085100000, 0x0000000085200000|  0%| F|  |TAMS 0x0000000085100000, 0x0000000085100000| Untracked 
|  50|0x0000000085200000, 0x0000000085200000, 0x0000000085300000|  0%| F|  |TAMS 0x0000000085200000, 0x0000000085200000| Untracked 
|  51|0x0000000085300000, 0x0000000085300000, 0x0000000085400000|  0%| F|  |TAMS 0x0000000085300000, 0x0000000085300000| Untracked 
|  52|0x0000000085400000, 0x0000000085400000, 0x0000000085500000|  0%| F|  |TAMS 0x0000000085400000, 0x0000000085400000| Untracked 
|  53|0x0000000085500000, 0x0000000085500000, 0x0000000085600000|  0%| F|  |TAMS 0x0000000085500000, 0x0000000085500000| Untracked 
|  54|0x0000000085600000, 0x0000000085600000, 0x0000000085700000|  0%| F|  |TAMS 0x0000000085600000, 0x0000000085600000| Untracked 
|  55|0x0000000085700000, 0x0000000085700000, 0x0000000085800000|  0%| F|  |TAMS 0x0000000085700000, 0x0000000085700000| Untracked 
|  56|0x0000000085800000, 0x0000000085800000, 0x0000000085900000|  0%| F|  |TAMS 0x0000000085800000, 0x0000000085800000| Untracked 
|  57|0x0000000085900000, 0x0000000085900000, 0x0000000085a00000|  0%| F|  |TAMS 0x0000000085900000, 0x0000000085900000| Untracked 
|  58|0x0000000085a00000, 0x0000000085a00000, 0x0000000085b00000|  0%| F|  |TAMS 0x0000000085a00000, 0x0000000085a00000| Untracked 
|  59|0x0000000085b00000, 0x0000000085b00000, 0x0000000085c00000|  0%| F|  |TAMS 0x0000000085b00000, 0x0000000085b00000| Untracked 
|  60|0x0000000085c00000, 0x0000000085c0d8c0, 0x0000000085d00000|  5%| S|CS|TAMS 0x0000000085c00000, 0x0000000085c00000| Complete 
|  61|0x0000000085d00000, 0x0000000085d00000, 0x0000000085e00000|  0%| F|  |TAMS 0x0000000085d00000, 0x0000000085d00000| Untracked 
|  62|0x0000000085e00000, 0x0000000085e00000, 0x0000000085f00000|  0%| F|  |TAMS 0x0000000085e00000, 0x0000000085e00000| Untracked 
|  63|0x0000000085f00000, 0x0000000085f00000, 0x0000000086000000|  0%| F|  |TAMS 0x0000000085f00000, 0x0000000085f00000| Untracked 
|  64|0x0000000086000000, 0x0000000086000000, 0x0000000086100000|  0%| F|  |TAMS 0x0000000086000000, 0x0000000086000000| Untracked 
|  65|0x0000000086100000, 0x0000000086100000, 0x0000000086200000|  0%| F|  |TAMS 0x0000000086100000, 0x0000000086100000| Untracked 
|  66|0x0000000086200000, 0x0000000086200000, 0x0000000086300000|  0%| F|  |TAMS 0x0000000086200000, 0x0000000086200000| Untracked 
|  67|0x0000000086300000, 0x0000000086300000, 0x0000000086400000|  0%| F|  |TAMS 0x0000000086300000, 0x0000000086300000| Untracked 
|  68|0x0000000086400000, 0x0000000086400000, 0x0000000086500000|  0%| F|  |TAMS 0x0000000086400000, 0x0000000086400000| Untracked 
|  69|0x0000000086500000, 0x0000000086500000, 0x0000000086600000|  0%| F|  |TAMS 0x0000000086500000, 0x0000000086500000| Untracked 
|  70|0x0000000086600000, 0x0000000086600000, 0x0000000086700000|  0%| F|  |TAMS 0x0000000086600000, 0x0000000086600000| Untracked 
|  71|0x0000000086700000, 0x0000000086700000, 0x0000000086800000|  0%| F|  |TAMS 0x0000000086700000, 0x0000000086700000| Untracked 
|  72|0x0000000086800000, 0x0000000086800000, 0x0000000086900000|  0%| F|  |TAMS 0x0000000086800000, 0x0000000086800000| Untracked 
|  73|0x0000000086900000, 0x0000000086900000, 0x0000000086a00000|  0%| F|  |TAMS 0x0000000086900000, 0x0000000086900000| Untracked 
|  74|0x0000000086a00000, 0x0000000086a00000, 0x0000000086b00000|  0%| F|  |TAMS 0x0000000086a00000, 0x0000000086a00000| Untracked 
|  75|0x0000000086b00000, 0x0000000086b00000, 0x0000000086c00000|  0%| F|  |TAMS 0x0000000086b00000, 0x0000000086b00000| Untracked 
|  76|0x0000000086c00000, 0x0000000086c00000, 0x0000000086d00000|  0%| F|  |TAMS 0x0000000086c00000, 0x0000000086c00000| Untracked 
|  77|0x0000000086d00000, 0x0000000086d00000, 0x0000000086e00000|  0%| F|  |TAMS 0x0000000086d00000, 0x0000000086d00000| Untracked 
|  78|0x0000000086e00000, 0x0000000086e00000, 0x0000000086f00000|  0%| F|  |TAMS 0x0000000086e00000, 0x0000000086e00000| Untracked 
|  79|0x0000000086f00000, 0x0000000086f00000, 0x0000000087000000|  0%| F|  |TAMS 0x0000000086f00000, 0x0000000086f00000| Untracked 
|  80|0x0000000087000000, 0x0000000087000000, 0x0000000087100000|  0%| F|  |TAMS 0x0000000087000000, 0x0000000087000000| Untracked 
|  81|0x0000000087100000, 0x0000000087100000, 0x0000000087200000|  0%| F|  |TAMS 0x0000000087100000, 0x0000000087100000| Untracked 
|  82|0x0000000087200000, 0x0000000087200000, 0x0000000087300000|  0%| F|  |TAMS 0x0000000087200000, 0x0000000087200000| Untracked 
|  83|0x0000000087300000, 0x0000000087300000, 0x0000000087400000|  0%| F|  |TAMS 0x0000000087300000, 0x0000000087300000| Untracked 
|  84|0x0000000087400000, 0x0000000087400000, 0x0000000087500000|  0%| F|  |TAMS 0x0000000087400000, 0x0000000087400000| Untracked 
|  85|0x0000000087500000, 0x0000000087500000, 0x0000000087600000|  0%| F|  |TAMS 0x0000000087500000, 0x0000000087500000| Untracked 
|  86|0x0000000087600000, 0x0000000087600000, 0x0000000087700000|  0%| F|  |TAMS 0x0000000087600000, 0x0000000087600000| Untracked 
|  87|0x0000000087700000, 0x0000000087700000, 0x0000000087800000|  0%| F|  |TAMS 0x0000000087700000, 0x0000000087700000| Untracked 
|  88|0x0000000087800000, 0x0000000087800000, 0x0000000087900000|  0%| F|  |TAMS 0x0000000087800000, 0x0000000087800000| Untracked 
|  89|0x0000000087900000, 0x0000000087900000, 0x0000000087a00000|  0%| F|  |TAMS 0x0000000087900000, 0x0000000087900000| Untracked 
|  90|0x0000000087a00000, 0x0000000087a00000, 0x0000000087b00000|  0%| F|  |TAMS 0x0000000087a00000, 0x0000000087a00000| Untracked 
|  91|0x0000000087b00000, 0x0000000087b00000, 0x0000000087c00000|  0%| F|  |TAMS 0x0000000087b00000, 0x0000000087b00000| Untracked 
|  92|0x0000000087c00000, 0x0000000087c00000, 0x0000000087d00000|  0%| F|  |TAMS 0x0000000087c00000, 0x0000000087c00000| Untracked 
|  93|0x0000000087d00000, 0x0000000087d00000, 0x0000000087e00000|  0%| F|  |TAMS 0x0000000087d00000, 0x0000000087d00000| Untracked 
|  94|0x0000000087e00000, 0x0000000087e00000, 0x0000000087f00000|  0%| F|  |TAMS 0x0000000087e00000, 0x0000000087e00000| Untracked 
|  95|0x0000000087f00000, 0x0000000087f00000, 0x0000000088000000|  0%| F|  |TAMS 0x0000000087f00000, 0x0000000087f00000| Untracked 
|  96|0x0000000088000000, 0x0000000088000000, 0x0000000088100000|  0%| F|  |TAMS 0x0000000088000000, 0x0000000088000000| Untracked 
|  97|0x0000000088100000, 0x0000000088100000, 0x0000000088200000|  0%| F|  |TAMS 0x0000000088100000, 0x0000000088100000| Untracked 
|  98|0x0000000088200000, 0x0000000088200000, 0x0000000088300000|  0%| F|  |TAMS 0x0000000088200000, 0x0000000088200000| Untracked 
|  99|0x0000000088300000, 0x0000000088300000, 0x0000000088400000|  0%| F|  |TAMS 0x0000000088300000, 0x0000000088300000| Untracked 
| 100|0x0000000088400000, 0x0000000088400000, 0x0000000088500000|  0%| F|  |TAMS 0x0000000088400000, 0x0000000088400000| Untracked 
| 101|0x0000000088500000, 0x0000000088500000, 0x0000000088600000|  0%| F|  |TAMS 0x0000000088500000, 0x0000000088500000| Untracked 
| 102|0x0000000088600000, 0x0000000088600000, 0x0000000088700000|  0%| F|  |TAMS 0x0000000088600000, 0x0000000088600000| Untracked 
| 103|0x0000000088700000, 0x0000000088700000, 0x0000000088800000|  0%| F|  |TAMS 0x0000000088700000, 0x0000000088700000| Untracked 
| 104|0x0000000088800000, 0x0000000088800000, 0x0000000088900000|  0%| F|  |TAMS 0x0000000088800000, 0x0000000088800000| Untracked 
| 105|0x0000000088900000, 0x0000000088900000, 0x0000000088a00000|  0%| F|  |TAMS 0x0000000088900000, 0x0000000088900000| Untracked 
| 106|0x0000000088a00000, 0x0000000088a00000, 0x0000000088b00000|  0%| F|  |TAMS 0x0000000088a00000, 0x0000000088a00000| Untracked 
| 107|0x0000000088b00000, 0x0000000088b00000, 0x0000000088c00000|  0%| F|  |TAMS 0x0000000088b00000, 0x0000000088b00000| Untracked 
| 108|0x0000000088c00000, 0x0000000088c00000, 0x0000000088d00000|  0%| F|  |TAMS 0x0000000088c00000, 0x0000000088c00000| Untracked 
| 109|0x0000000088d00000, 0x0000000088d00000, 0x0000000088e00000|  0%| F|  |TAMS 0x0000000088d00000, 0x0000000088d00000| Untracked 
| 110|0x0000000088e00000, 0x0000000088e00000, 0x0000000088f00000|  0%| F|  |TAMS 0x0000000088e00000, 0x0000000088e00000| Untracked 
| 111|0x0000000088f00000, 0x0000000088f00000, 0x0000000089000000|  0%| F|  |TAMS 0x0000000088f00000, 0x0000000088f00000| Untracked 
| 112|0x0000000089000000, 0x0000000089000000, 0x0000000089100000|  0%| F|  |TAMS 0x0000000089000000, 0x0000000089000000| Untracked 
| 113|0x0000000089100000, 0x0000000089100000, 0x0000000089200000|  0%| F|  |TAMS 0x0000000089100000, 0x0000000089100000| Untracked 
| 114|0x0000000089200000, 0x0000000089200000, 0x0000000089300000|  0%| F|  |TAMS 0x0000000089200000, 0x0000000089200000| Untracked 
| 115|0x0000000089300000, 0x0000000089300000, 0x0000000089400000|  0%| F|  |TAMS 0x0000000089300000, 0x0000000089300000| Untracked 
| 116|0x0000000089400000, 0x0000000089400000, 0x0000000089500000|  0%| F|  |TAMS 0x0000000089400000, 0x0000000089400000| Untracked 
| 117|0x0000000089500000, 0x0000000089500000, 0x0000000089600000|  0%| F|  |TAMS 0x0000000089500000, 0x0000000089500000| Untracked 
| 118|0x0000000089600000, 0x0000000089600000, 0x0000000089700000|  0%| F|  |TAMS 0x0000000089600000, 0x0000000089600000| Untracked 
| 119|0x0000000089700000, 0x0000000089700000, 0x0000000089800000|  0%| F|  |TAMS 0x0000000089700000, 0x0000000089700000| Untracked 
| 120|0x0000000089800000, 0x0000000089800000, 0x0000000089900000|  0%| F|  |TAMS 0x0000000089800000, 0x0000000089800000| Untracked 
| 121|0x0000000089900000, 0x0000000089900000, 0x0000000089a00000|  0%| F|  |TAMS 0x0000000089900000, 0x0000000089900000| Untracked 
| 122|0x0000000089a00000, 0x0000000089a00000, 0x0000000089b00000|  0%| F|  |TAMS 0x0000000089a00000, 0x0000000089a00000| Untracked 
| 123|0x0000000089b00000, 0x0000000089b00000, 0x0000000089c00000|  0%| F|  |TAMS 0x0000000089b00000, 0x0000000089b00000| Untracked 
| 124|0x0000000089c00000, 0x0000000089c00000, 0x0000000089d00000|  0%| F|  |TAMS 0x0000000089c00000, 0x0000000089c00000| Untracked 
| 125|0x0000000089d00000, 0x0000000089d00000, 0x0000000089e00000|  0%| F|  |TAMS 0x0000000089d00000, 0x0000000089d00000| Untracked 
| 126|0x0000000089e00000, 0x0000000089e00000, 0x0000000089f00000|  0%| F|  |TAMS 0x0000000089e00000, 0x0000000089e00000| Untracked 
| 127|0x0000000089f00000, 0x0000000089f00000, 0x000000008a000000|  0%| F|  |TAMS 0x0000000089f00000, 0x0000000089f00000| Untracked 
| 128|0x000000008a000000, 0x000000008a000000, 0x000000008a100000|  0%| F|  |TAMS 0x000000008a000000, 0x000000008a000000| Untracked 
| 129|0x000000008a100000, 0x000000008a100000, 0x000000008a200000|  0%| F|  |TAMS 0x000000008a100000, 0x000000008a100000| Untracked 
| 130|0x000000008a200000, 0x000000008a200000, 0x000000008a300000|  0%| F|  |TAMS 0x000000008a200000, 0x000000008a200000| Untracked 
| 131|0x000000008a300000, 0x000000008a300000, 0x000000008a400000|  0%| F|  |TAMS 0x000000008a300000, 0x000000008a300000| Untracked 
| 132|0x000000008a400000, 0x000000008a400000, 0x000000008a500000|  0%| F|  |TAMS 0x000000008a400000, 0x000000008a400000| Untracked 
| 133|0x000000008a500000, 0x000000008a500000, 0x000000008a600000|  0%| F|  |TAMS 0x000000008a500000, 0x000000008a500000| Untracked 
| 134|0x000000008a600000, 0x000000008a600000, 0x000000008a700000|  0%| F|  |TAMS 0x000000008a600000, 0x000000008a600000| Untracked 
| 135|0x000000008a700000, 0x000000008a700000, 0x000000008a800000|  0%| F|  |TAMS 0x000000008a700000, 0x000000008a700000| Untracked 
| 136|0x000000008a800000, 0x000000008a800000, 0x000000008a900000|  0%| F|  |TAMS 0x000000008a800000, 0x000000008a800000| Untracked 
| 137|0x000000008a900000, 0x000000008a900000, 0x000000008aa00000|  0%| F|  |TAMS 0x000000008a900000, 0x000000008a900000| Untracked 
| 138|0x000000008aa00000, 0x000000008aa00000, 0x000000008ab00000|  0%| F|  |TAMS 0x000000008aa00000, 0x000000008aa00000| Untracked 
| 139|0x000000008ab00000, 0x000000008ab00000, 0x000000008ac00000|  0%| F|  |TAMS 0x000000008ab00000, 0x000000008ab00000| Untracked 
| 140|0x000000008ac00000, 0x000000008ad00000, 0x000000008ad00000|100%| E|  |TAMS 0x000000008ac00000, 0x000000008ac00000| Complete 
| 141|0x000000008ad00000, 0x000000008ae00000, 0x000000008ae00000|100%| E|CS|TAMS 0x000000008ad00000, 0x000000008ad00000| Complete 
| 142|0x000000008ae00000, 0x000000008af00000, 0x000000008af00000|100%| E|CS|TAMS 0x000000008ae00000, 0x000000008ae00000| Complete 
| 143|0x000000008af00000, 0x000000008b000000, 0x000000008b000000|100%| E|CS|TAMS 0x000000008af00000, 0x000000008af00000| Complete 
| 144|0x000000008b000000, 0x000000008b100000, 0x000000008b100000|100%| E|CS|TAMS 0x000000008b000000, 0x000000008b000000| Complete 
| 145|0x000000008b100000, 0x000000008b200000, 0x000000008b200000|100%| E|CS|TAMS 0x000000008b100000, 0x000000008b100000| Complete 
| 146|0x000000008b200000, 0x000000008b300000, 0x000000008b300000|100%| E|CS|TAMS 0x000000008b200000, 0x000000008b200000| Complete 
| 147|0x000000008b300000, 0x000000008b400000, 0x000000008b400000|100%| E|CS|TAMS 0x000000008b300000, 0x000000008b300000| Complete 

Card table byte_map: [0x000001d47c1d0000,0x000001d47c5c0000] _byte_map_base: 0x000001d47bdc0000

Marking Bits (Prev, Next): (CMBitMap*) 0x000001d472130340, (CMBitMap*) 0x000001d472130300
 Prev Bits: [0x000001d40f000000, 0x000001d410f80000)
 Next Bits: [0x000001d47c9b0000, 0x000001d47e930000)

Polling page: 0x000001d471890000

Metaspace:

Usage:
  Non-class:     72.04 MB used.
      Class:      9.92 MB used.
       Both:     81.97 MB used.

Virtual space:
  Non-class space:      128.00 MB reserved,      72.31 MB ( 56%) committed,  2 nodes.
      Class space:        1.00 GB reserved,      10.19 MB ( <1%) committed,  1 nodes.
             Both:        1.12 GB reserved,      82.50 MB (  7%) committed. 

Chunk freelists:
   Non-Class:  7.69 MB
       Class:  5.70 MB
        Both:  13.39 MB

MaxMetaspaceSize: unlimited
CompressedClassSpaceSize: 1.00 GB
Initial GC threshold: 21.00 MB
Current GC threshold: 97.19 MB
CDS: on
MetaspaceReclaimPolicy: balanced
 - commit_granule_bytes: 65536.
 - commit_granule_words: 8192.
 - virtual_space_node_default_size: 8388608.
 - enlarge_chunks_in_place: 1.
 - new_chunks_are_fully_committed: 0.
 - uncommit_free_chunks: 1.
 - use_allocation_guard: 0.
 - handle_deallocations: 1.


Internal statistics:

num_allocs_failed_limit: 9.
num_arena_births: 806.
num_arena_deaths: 0.
num_vsnodes_births: 3.
num_vsnodes_deaths: 0.
num_space_committed: 1320.
num_space_uncommitted: 0.
num_chunks_returned_to_freelist: 9.
num_chunks_taken_from_freelist: 3741.
num_chunk_merges: 9.
num_chunk_splits: 2739.
num_chunks_enlarged: 2170.
num_inconsistent_stats: 0.

CodeHeap 'non-profiled nmethods': size=119744Kb used=9804Kb max_used=10253Kb free=109939Kb
 bounds [0x000001d407b10000, 0x000001d408520000, 0x000001d40f000000]
CodeHeap 'profiled nmethods': size=119744Kb used=19629Kb max_used=29796Kb free=100114Kb
 bounds [0x000001d400000000, 0x000001d401d40000, 0x000001d4074f0000]
CodeHeap 'non-nmethods': size=6272Kb used=1404Kb max_used=1984Kb free=4867Kb
 bounds [0x000001d4074f0000, 0x000001d407760000, 0x000001d407b10000]
 total_blobs=11980 nmethods=11277 adapters=603
 compilation: enabled
              stopped_count=0, restarted_count=0
 full_count=0

JVMCI Events (20 events):
Event: 349.442 Thread 0x000001d47edfb2b0 compacted oop handles in JVMCI runtime 0 from 304 to 245
Event: 349.442 Thread 0x000001d47edfb2b0 compacted oop handles in JVMCI runtime 0 from 246 to 142
Event: 349.519 Thread 0x000001d47edfb2b0 compacted oop handles in JVMCI runtime 0 from 191 to 179
Event: 349.630 Thread 0x000001d47edfb2b0 compacted oop handles in JVMCI runtime 0 from 259 to 243
Event: 349.686 Thread 0x000001d47edfb2b0 compacted oop handles in JVMCI runtime 0 from 244 to 187
Event: 349.707 Thread 0x000001d47edfb2b0 compacted oop handles in JVMCI runtime 0 from 244 to 216
Event: 350.302 Thread 0x000001d47edfb2b0 compacted oop handles in JVMCI runtime 0 from 246 to 238
Event: 350.302 Thread 0x000001d47edfb2b0 compacted oop handles in JVMCI runtime 0 from 239 to 88
Event: 350.310 Thread 0x000001d47edfb2b0 compacted oop handles in JVMCI runtime 0 from 101 to 100
Event: 350.316 Thread 0x000001d47edfb2b0 compacted oop handles in JVMCI runtime 0 from 101 to 100
Event: 356.775 Thread 0x000001d47edfb2b0 compacted oop handles in JVMCI runtime 0 from 227 to 134
Event: 357.665 Thread 0x000001d47edfb2b0 compacted oop handles in JVMCI runtime 0 from 135 to 108
Event: 358.693 Thread 0x000001d47edfb2b0 detaching from JVMCI runtime 0: releasing idle compiler thread (0 other threads still attached)
Event: 358.693 Thread 0x000001d47edfb2b0 shutting down HotSpotJVMCIRuntime for JVMCI runtime 0
Event: 358.693 Thread 0x000001d47edfb2b0 compacted oop handles in JVMCI runtime 0 from 147 to 70
Event: 358.694 Thread 0x000001d47edfb2b0 shut down JVMCI runtime 0
Event: 358.704 Thread 0x000001d47edfb2b0 destroyed JavaVM[14]@0x000001d47fb97c98 for JVMCI runtime 0
Event: 358.704 Thread 0x000001d47edfb2b0 releasing handles for JVMCI runtime 0: oop handles=70, metadata handles={total=3072, live=672, blocks=96}
Event: 358.704 Thread 0x000001d47edfb2b0 detached from JVMCI runtime 0
Event: 360.139 Thread 0x000001d47edfb2b0 attached to JVMCI runtime 0

Compilation events (20 events):
Event: 350.316 Thread 0x000001d47edfb2b0 nmethod 15649 0x000001d407ff6510 code [0x000001d407ff66a0, 0x000001d407ff69f8]
Event: 351.230 Thread 0x000001d47ee1c170 15650       3       java.net.InetSocketAddress::getAddress (8 bytes)
Event: 351.230 Thread 0x000001d47ee1c170 nmethod 15650 0x000001d400d59a90 code [0x000001d400d59c20, 0x000001d400d59d58]
Event: 356.721 Thread 0x000001d47edfb2b0 15651       4       org.springframework.http.converter.StringHttpMessageConverter::addDefaultHeaders (51 bytes)
Event: 356.775 Thread 0x000001d47edfb2b0 nmethod 15651 0x000001d407b43690 code [0x000001d407b438c0, 0x000001d407b44260]
Event: 357.470 Thread 0x000001d47ee1c170 15652       3       sun.nio.ch.Net::localAddress (16 bytes)
Event: 357.470 Thread 0x000001d47ee1c170 nmethod 15652 0x000001d40026ab90 code [0x000001d40026ad40, 0x000001d40026af48]
Event: 357.665 Thread 0x000001d47edfb2b0 15655       4       org.hibernate.metamodel.mapping.internal.BasicEntityIdentifierMappingImpl::createDomainResult (42 bytes)
Event: 357.674 Thread 0x000001d47edfb2b0 nmethod 15655 0x000001d4080f5e90 code [0x000001d4080f6040, 0x000001d4080f63f0]
Event: 357.674 Thread 0x000001d47edfb2b0 15656       4       org.hibernate.sql.results.graph.basic.BasicResult::<init> (21 bytes)
Event: 357.681 Thread 0x000001d47edfb2b0 nmethod 15656 0x000001d40828a790 code [0x000001d40828a920, 0x000001d40828adb8]
Event: 357.681 Thread 0x000001d47edfb2b0 15657       4       org.hibernate.sql.results.graph.basic.BasicResult::<init> (13 bytes)
Event: 357.692 Thread 0x000001d47edfb2b0 nmethod 15657 0x000001d408210290 code [0x000001d408210420, 0x000001d408210878]
Event: 360.139 Thread 0x000001d47edfb2b0 15658       4       java.lang.invoke.DelegatingMethodHandle$Holder::reinvoke_L (20 bytes)
Event: 360.142 Thread 0x000001d47ee1c170 15659       3       com.fasterxml.jackson.databind.introspect.AnnotatedWithParams::<init> (12 bytes)
Event: 360.142 Thread 0x000001d47ee1c170 nmethod 15659 0x000001d400ad6290 code [0x000001d400ad6440, 0x000001d400ad6778]
Event: 360.142 Thread 0x000001d47ee1c170 15660       3       com.fasterxml.jackson.databind.introspect.JacksonAnnotationIntrospector::findImplicitPropertyName (19 bytes)
Event: 360.142 Thread 0x000001d47ee1c170 nmethod 15660 0x000001d4011ddd10 code [0x000001d4011ddec0, 0x000001d4011de0a8]
Event: 360.142 Thread 0x000001d47ee1c170 15661       3       com.fasterxml.jackson.databind.introspect.JacksonAnnotationIntrospector::_findConstructorName (46 bytes)
Event: 360.143 Thread 0x000001d47ee1c170 nmethod 15661 0x000001d4013f2e90 code [0x000001d4013f3060, 0x000001d4013f3788]

GC Heap History (20 events):
Event: 347.127 GC heap before
{Heap before GC invocations=83 (full 0):
 garbage-first heap   total 151552K, used 122272K [0x0000000082000000, 0x0000000100000000)
  region size 1024K, 88 young (90112K), 1 survivors (1024K)
 Metaspace       used 83820K, committed 84416K, reserved 1179648K
  class space    used 10146K, committed 10432K, reserved 1048576K
}
Event: 347.128 GC heap after
{Heap after GC invocations=84 (full 0):
 garbage-first heap   total 151552K, used 33174K [0x0000000082000000, 0x0000000100000000)
  region size 1024K, 1 young (1024K), 1 survivors (1024K)
 Metaspace       used 83820K, committed 84416K, reserved 1179648K
  class space    used 10146K, committed 10432K, reserved 1048576K
}
Event: 348.339 GC heap before
{Heap before GC invocations=84 (full 0):
 garbage-first heap   total 151552K, used 122262K [0x0000000082000000, 0x0000000100000000)
  region size 1024K, 88 young (90112K), 1 survivors (1024K)
 Metaspace       used 83820K, committed 84416K, reserved 1179648K
  class space    used 10146K, committed 10432K, reserved 1048576K
}
Event: 348.340 GC heap after
{Heap after GC invocations=85 (full 0):
 garbage-first heap   total 151552K, used 33175K [0x0000000082000000, 0x0000000100000000)
  region size 1024K, 1 young (1024K), 1 survivors (1024K)
 Metaspace       used 83820K, committed 84416K, reserved 1179648K
  class space    used 10146K, committed 10432K, reserved 1048576K
}
Event: 349.541 GC heap before
{Heap before GC invocations=85 (full 0):
 garbage-first heap   total 151552K, used 122263K [0x0000000082000000, 0x0000000100000000)
  region size 1024K, 88 young (90112K), 1 survivors (1024K)
 Metaspace       used 83820K, committed 84416K, reserved 1179648K
  class space    used 10146K, committed 10432K, reserved 1048576K
}
Event: 349.541 GC heap after
{Heap after GC invocations=86 (full 0):
 garbage-first heap   total 151552K, used 33174K [0x0000000082000000, 0x0000000100000000)
  region size 1024K, 1 young (1024K), 1 survivors (1024K)
 Metaspace       used 83820K, committed 84416K, reserved 1179648K
  class space    used 10146K, committed 10432K, reserved 1048576K
}
Event: 350.665 GC heap before
{Heap before GC invocations=86 (full 0):
 garbage-first heap   total 151552K, used 122262K [0x0000000082000000, 0x0000000100000000)
  region size 1024K, 88 young (90112K), 1 survivors (1024K)
 Metaspace       used 83820K, committed 84416K, reserved 1179648K
  class space    used 10146K, committed 10432K, reserved 1048576K
}
Event: 350.665 GC heap after
{Heap after GC invocations=87 (full 0):
 garbage-first heap   total 151552K, used 33138K [0x0000000082000000, 0x0000000100000000)
  region size 1024K, 1 young (1024K), 1 survivors (1024K)
 Metaspace       used 83820K, committed 84416K, reserved 1179648K
  class space    used 10146K, committed 10432K, reserved 1048576K
}
Event: 351.788 GC heap before
{Heap before GC invocations=87 (full 0):
 garbage-first heap   total 151552K, used 122226K [0x0000000082000000, 0x0000000100000000)
  region size 1024K, 88 young (90112K), 1 survivors (1024K)
 Metaspace       used 83821K, committed 84416K, reserved 1179648K
  class space    used 10146K, committed 10432K, reserved 1048576K
}
Event: 351.789 GC heap after
{Heap after GC invocations=88 (full 0):
 garbage-first heap   total 151552K, used 33189K [0x0000000082000000, 0x0000000100000000)
  region size 1024K, 1 young (1024K), 1 survivors (1024K)
 Metaspace       used 83821K, committed 84416K, reserved 1179648K
  class space    used 10146K, committed 10432K, reserved 1048576K
}
Event: 353.033 GC heap before
{Heap before GC invocations=88 (full 0):
 garbage-first heap   total 151552K, used 122277K [0x0000000082000000, 0x0000000100000000)
  region size 1024K, 88 young (90112K), 1 survivors (1024K)
 Metaspace       used 83821K, committed 84416K, reserved 1179648K
  class space    used 10146K, committed 10432K, reserved 1048576K
}
Event: 353.034 GC heap after
{Heap after GC invocations=89 (full 0):
 garbage-first heap   total 151552K, used 33155K [0x0000000082000000, 0x0000000100000000)
  region size 1024K, 1 young (1024K), 1 survivors (1024K)
 Metaspace       used 83821K, committed 84416K, reserved 1179648K
  class space    used 10146K, committed 10432K, reserved 1048576K
}
Event: 354.254 GC heap before
{Heap before GC invocations=89 (full 0):
 garbage-first heap   total 151552K, used 122243K [0x0000000082000000, 0x0000000100000000)
  region size 1024K, 88 young (90112K), 1 survivors (1024K)
 Metaspace       used 83821K, committed 84416K, reserved 1179648K
  class space    used 10146K, committed 10432K, reserved 1048576K
}
Event: 354.255 GC heap after
{Heap after GC invocations=90 (full 0):
 garbage-first heap   total 151552K, used 33155K [0x0000000082000000, 0x0000000100000000)
  region size 1024K, 1 young (1024K), 1 survivors (1024K)
 Metaspace       used 83821K, committed 84416K, reserved 1179648K
  class space    used 10146K, committed 10432K, reserved 1048576K
}
Event: 355.408 GC heap before
{Heap before GC invocations=90 (full 0):
 garbage-first heap   total 151552K, used 122243K [0x0000000082000000, 0x0000000100000000)
  region size 1024K, 88 young (90112K), 1 survivors (1024K)
 Metaspace       used 83821K, committed 84416K, reserved 1179648K
  class space    used 10146K, committed 10432K, reserved 1048576K
}
Event: 355.409 GC heap after
{Heap after GC invocations=91 (full 0):
 garbage-first heap   total 151552K, used 33173K [0x0000000082000000, 0x0000000100000000)
  region size 1024K, 1 young (1024K), 1 survivors (1024K)
 Metaspace       used 83821K, committed 84416K, reserved 1179648K
  class space    used 10146K, committed 10432K, reserved 1048576K
}
Event: 356.523 GC heap before
{Heap before GC invocations=91 (full 0):
 garbage-first heap   total 151552K, used 122261K [0x0000000082000000, 0x0000000100000000)
  region size 1024K, 88 young (90112K), 1 survivors (1024K)
 Metaspace       used 83821K, committed 84416K, reserved 1179648K
  class space    used 10146K, committed 10432K, reserved 1048576K
}
Event: 356.524 GC heap after
{Heap after GC invocations=92 (full 0):
 garbage-first heap   total 151552K, used 33198K [0x0000000082000000, 0x0000000100000000)
  region size 1024K, 1 young (1024K), 1 survivors (1024K)
 Metaspace       used 83821K, committed 84416K, reserved 1179648K
  class space    used 10146K, committed 10432K, reserved 1048576K
}
Event: 357.709 GC heap before
{Heap before GC invocations=92 (full 0):
 garbage-first heap   total 151552K, used 122286K [0x0000000082000000, 0x0000000100000000)
  region size 1024K, 88 young (90112K), 1 survivors (1024K)
 Metaspace       used 83821K, committed 84416K, reserved 1179648K
  class space    used 10146K, committed 10432K, reserved 1048576K
}
Event: 357.710 GC heap after
{Heap after GC invocations=93 (full 0):
 garbage-first heap   total 151552K, used 33153K [0x0000000082000000, 0x0000000100000000)
  region size 1024K, 1 young (1024K), 1 survivors (1024K)
 Metaspace       used 83821K, committed 84416K, reserved 1179648K
  class space    used 10146K, committed 10432K, reserved 1048576K
}

Dll operation events (14 events):
Event: 0.010 Loaded shared library C:\Users\SHUBHAM\.jdks\graalvm-jdk-17.0.8\bin\java.dll
Event: 0.035 Loaded shared library C:\Users\SHUBHAM\.jdks\graalvm-jdk-17.0.8\bin\jsvml.dll
Event: 0.196 Loaded shared library C:\Users\SHUBHAM\.jdks\graalvm-jdk-17.0.8\bin\zip.dll
Event: 0.198 Loaded shared library C:\Users\SHUBHAM\.jdks\graalvm-jdk-17.0.8\bin\instrument.dll
Event: 0.205 Loaded shared library C:\Users\SHUBHAM\.jdks\graalvm-jdk-17.0.8\bin\jvmcicompiler.dll
Event: 0.207 Loaded shared library C:\Users\SHUBHAM\.jdks\graalvm-jdk-17.0.8\bin\net.dll
Event: 0.209 Loaded shared library C:\Users\SHUBHAM\.jdks\graalvm-jdk-17.0.8\bin\nio.dll
Event: 0.212 Loaded shared library C:\Users\SHUBHAM\.jdks\graalvm-jdk-17.0.8\bin\zip.dll
Event: 0.226 Loaded shared library C:\Users\SHUBHAM\.jdks\graalvm-jdk-17.0.8\bin\jimage.dll
Event: 0.352 Loaded shared library C:\Program Files\JetBrains\IntelliJ IDEA Community Edition 2022.3.2\bin\breakgen64.dll
Event: 2.014 Loaded shared library C:\Users\SHUBHAM\.jdks\graalvm-jdk-17.0.8\bin\sunmscapi.dll
Event: 4.890 Loaded shared library C:\Users\SHUBHAM\.jdks\graalvm-jdk-17.0.8\bin\management.dll
Event: 4.892 Loaded shared library C:\Users\SHUBHAM\.jdks\graalvm-jdk-17.0.8\bin\management_ext.dll
Event: 5.527 Loaded shared library C:\Users\SHUBHAM\.jdks\graalvm-jdk-17.0.8\bin\verify.dll

Deoptimization events (20 events):
Event: 316.717 Thread 0x000001d45acb4ff0 Uncommon trap: trap_request=0xffffffed fr.pc=0x000001d4083f1a85 relative=0x0000000000000c45
Event: 316.717 Thread 0x000001d45acb4ff0 Uncommon trap: reason=null_assert_or_unreached0 action=reinterpret pc=0x000001d4083f1a85 method=java.util.concurrent.locks.AbstractQueuedSynchronizer.isEnqueued(Ljava/util/concurrent/locks/AbstractQueuedSynchronizer$Node;)Z @ 4 jvmci
Event: 316.717 Thread 0x000001d45acb4ff0 DEOPT PACKING pc=0x000001d4083f1a85 sp=0x00000073134ff0c0
Event: 316.717 Thread 0x000001d45acb4ff0 DEOPT UNPACKING pc=0x000001d407546f45 sp=0x00000073134fe418 mode 3
Event: 360.140 Thread 0x000001d45acb40c0 Uncommon trap: trap_request=0xffffffed fr.pc=0x000001d407ffcf53 relative=0x0000000000000dd3
Event: 360.140 Thread 0x000001d45acb40c0 Uncommon trap: reason=null_assert_or_unreached0 action=reinterpret pc=0x000001d407ffcf53 method=org.springframework.web.method.support.HandlerMethodArgumentResolverComposite.getArgumentResolver(Lorg/springframework/core/MethodParameter;)Lorg/springframewo
Event: 360.140 Thread 0x000001d45acb40c0 DEOPT PACKING pc=0x000001d407ffcf53 sp=0x00000073132fd290
Event: 360.140 Thread 0x000001d45acb40c0 DEOPT UNPACKING pc=0x000001d407546f45 sp=0x00000073132fc658 mode 3
Event: 360.140 Thread 0x000001d45acb40c0 Uncommon trap: trap_request=0xffffffed fr.pc=0x000001d407ff71a0 relative=0x0000000000000200
Event: 360.140 Thread 0x000001d45acb40c0 Uncommon trap: reason=null_assert_or_unreached0 action=reinterpret pc=0x000001d407ff71a0 method=org.springframework.core.annotation.AnnotatedMethod$AnnotatedMethodParameter.getParameterAnnotations()[Ljava/lang/annotation/Annotation; @ 4 jvmci
Event: 360.140 Thread 0x000001d45acb40c0 DEOPT PACKING pc=0x000001d407ff71a0 sp=0x00000073132fd0a0
Event: 360.140 Thread 0x000001d45acb40c0 DEOPT UNPACKING pc=0x000001d407546f45 sp=0x00000073132fc430 mode 3
Event: 360.140 Thread 0x000001d45acb40c0 Uncommon trap: trap_request=0xffffffed fr.pc=0x000001d407f8b7a5 relative=0x0000000000000d05
Event: 360.140 Thread 0x000001d45acb40c0 Uncommon trap: reason=null_assert_or_unreached0 action=reinterpret pc=0x000001d407f8b7a5 method=com.fasterxml.jackson.databind.util.internal.PrivateMaxEntriesMap.get(Ljava/lang/Object;)Ljava/lang/Object; @ 10 jvmci
Event: 360.140 Thread 0x000001d45acb40c0 DEOPT PACKING pc=0x000001d407f8b7a5 sp=0x00000073132fcd90
Event: 360.140 Thread 0x000001d45acb40c0 DEOPT UNPACKING pc=0x000001d407546f45 sp=0x00000073132fc188 mode 3
Event: 360.142 Thread 0x000001d45acb40c0 Uncommon trap: trap_request=0xffffffed fr.pc=0x000001d407f8ca8a relative=0x000000000000016a
Event: 360.142 Thread 0x000001d45acb40c0 Uncommon trap: reason=null_assert_or_unreached0 action=reinterpret pc=0x000001d407f8ca8a method=com.fasterxml.jackson.databind.type.TypeFactory._findWellKnownSimple(Ljava/lang/Class;)Lcom/fasterxml/jackson/databind/JavaType; @ 0 jvmci
Event: 360.142 Thread 0x000001d45acb40c0 DEOPT PACKING pc=0x000001d407f8ca8a sp=0x00000073132fc250
Event: 360.142 Thread 0x000001d45acb40c0 DEOPT UNPACKING pc=0x000001d407546f45 sp=0x00000073132fb6f8 mode 3

Classes unloaded (0 events):
No events

Classes redefined (0 events):
No events

Internal exceptions (20 events):
Event: 252.413 Thread 0x000001d45acaeab0 Implicit null exception at 0x000001d4081854b2 to 0x000001d4081857c6
Event: 252.413 Thread 0x000001d45acaeab0 Implicit null exception at 0x000001d4080af122 to 0x000001d4080af1eb
Event: 252.683 Thread 0x000001d4587c56e0 Implicit null exception at 0x000001d407f63002 to 0x000001d407546b70
Event: 316.503 Thread 0x000001d4587c3880 Implicit null exception at 0x000001d408058d89 to 0x000001d4080594a6
Event: 316.503 Thread 0x000001d4587c3880 Implicit null exception at 0x000001d4081755c9 to 0x000001d408177066
Event: 316.503 Thread 0x000001d4587c3880 Implicit null exception at 0x000001d4084152a4 to 0x000001d407546b70
Event: 316.503 Thread 0x000001d4587c3880 Implicit null exception at 0x000001d40828a982 to 0x000001d407546b70
Event: 316.504 Thread 0x000001d4587c3880 Implicit null exception at 0x000001d407b438dd to 0x000001d407b442db
Event: 316.506 Thread 0x000001d4587c3880 Implicit null exception at 0x000001d4080a8fe0 to 0x000001d4080a90f5
Event: 316.506 Thread 0x000001d4587c3880 Implicit null exception at 0x000001d4080a94f3 to 0x000001d4080a9bec
Event: 316.506 Thread 0x000001d4587c3880 Implicit null exception at 0x000001d40827b180 to 0x000001d40827b2c6
Event: 316.506 Thread 0x000001d4587c3880 Implicit null exception at 0x000001d408086d00 to 0x000001d408086e46
Event: 316.683 Thread 0x000001d4587c3880 Implicit null exception at 0x000001d407edaf5a to 0x000001d407edb7d1
Event: 316.684 Thread 0x000001d4587c3880 Implicit null exception at 0x000001d40800665c to 0x000001d407546b70
Event: 316.686 Thread 0x000001d4587c3880 Implicit null exception at 0x000001d40844a13f to 0x000001d40844a6f5
Event: 316.686 Thread 0x000001d4587c3880 Implicit null exception at 0x000001d407fd4ee4 to 0x000001d407fd529d
Event: 316.688 Thread 0x000001d4587c3880 Implicit null exception at 0x000001d40812b962 to 0x000001d407546b70
Event: 360.140 Thread 0x000001d45acb40c0 Implicit null exception at 0x000001d407ffc425 to 0x000001d407ffcf38
Event: 360.140 Thread 0x000001d45acb40c0 Implicit null exception at 0x000001d407f8ac24 to 0x000001d407f8b786
Event: 360.142 Thread 0x000001d45acb40c0 Implicit null exception at 0x000001d407f8c954 to 0x000001d407f8ca6f

VM Operations (20 events):
Event: 349.349 Executing VM operation: Cleanup
Event: 349.349 Executing VM operation: Cleanup done
Event: 349.540 Executing VM operation: G1CollectForAllocation
Event: 349.542 Executing VM operation: G1CollectForAllocation done
Event: 350.549 Executing VM operation: Cleanup
Event: 350.549 Executing VM operation: Cleanup done
Event: 350.665 Executing VM operation: G1CollectForAllocation
Event: 350.665 Executing VM operation: G1CollectForAllocation done
Event: 351.788 Executing VM operation: G1CollectForAllocation
Event: 351.789 Executing VM operation: G1CollectForAllocation done
Event: 353.033 Executing VM operation: G1CollectForAllocation
Event: 353.034 Executing VM operation: G1CollectForAllocation done
Event: 354.254 Executing VM operation: G1CollectForAllocation
Event: 354.255 Executing VM operation: G1CollectForAllocation done
Event: 355.408 Executing VM operation: G1CollectForAllocation
Event: 355.409 Executing VM operation: G1CollectForAllocation done
Event: 356.522 Executing VM operation: G1CollectForAllocation
Event: 356.524 Executing VM operation: G1CollectForAllocation done
Event: 357.709 Executing VM operation: G1CollectForAllocation
Event: 357.710 Executing VM operation: G1CollectForAllocation done

Events (20 events):
Event: 344.773 Thread 0x000001d47ee1eb80 flushing nmethod 0x000001d401bb5c90
Event: 344.773 Thread 0x000001d47ee1eb80 flushing nmethod 0x000001d401bd3810
Event: 344.773 Thread 0x000001d47ee1eb80 flushing nmethod 0x000001d401bef710
Event: 344.773 Thread 0x000001d47ee1eb80 flushing nmethod 0x000001d401bf1810
Event: 344.773 Thread 0x000001d47ee1eb80 flushing nmethod 0x000001d401bf3610
Event: 344.773 Thread 0x000001d47ee1eb80 flushing nmethod 0x000001d401bf4790
Event: 344.773 Thread 0x000001d47ee1eb80 flushing nmethod 0x000001d401bfea90
Event: 344.773 Thread 0x000001d47ee1eb80 flushing nmethod 0x000001d401c05310
Event: 344.773 Thread 0x000001d47ee1eb80 flushing nmethod 0x000001d401c06d90
Event: 344.773 Thread 0x000001d47ee1eb80 flushing nmethod 0x000001d401c09190
Event: 344.773 Thread 0x000001d47ee1eb80 flushing nmethod 0x000001d401c0af10
Event: 344.773 Thread 0x000001d47ee1eb80 flushing nmethod 0x000001d401c53e10
Event: 344.773 Thread 0x000001d47ee1eb80 flushing nmethod 0x000001d401c57f10
Event: 344.773 Thread 0x000001d47ee1eb80 flushing nmethod 0x000001d401c58990
Event: 344.773 Thread 0x000001d47ee1eb80 flushing nmethod 0x000001d401c5ba10
Event: 344.773 Thread 0x000001d47ee1eb80 flushing nmethod 0x000001d401ca4490
Event: 344.774 Thread 0x000001d47ee1eb80 flushing nmethod 0x000001d401cc8810
Event: 344.774 Thread 0x000001d47ee1eb80 flushing nmethod 0x000001d401cc8e10
Event: 344.774 Thread 0x000001d47ee1eb80 flushing nmethod 0x000001d401cc9410
Event: 344.774 Thread 0x000001d47ee1eb80 flushing nmethod 0x000001d401ccfc90


Dynamic libraries:
0x00007ff610690000 - 0x00007ff61069e000 	C:\Users\SHUBHAM\.jdks\graalvm-jdk-17.0.8\bin\java.exe
0x00007ffbd0a10000 - 0x00007ffbd0c08000 	C:\WINDOWS\SYSTEM32\ntdll.dll
0x00007ffbcfb40000 - 0x00007ffbcfbfd000 	C:\WINDOWS\System32\KERNEL32.DLL
0x00007ffbce440000 - 0x00007ffbce736000 	C:\WINDOWS\System32\KERNELBASE.dll
0x00007ffbce340000 - 0x00007ffbce440000 	C:\WINDOWS\System32\ucrtbase.dll
0x00007ffbc8a70000 - 0x00007ffbc8a8b000 	C:\Users\SHUBHAM\.jdks\graalvm-jdk-17.0.8\bin\VCRUNTIME140.dll
0x00007ffbc7fd0000 - 0x00007ffbc7fe7000 	C:\Users\SHUBHAM\.jdks\graalvm-jdk-17.0.8\bin\jli.dll
0x00007ffbcec90000 - 0x00007ffbcee2e000 	C:\WINDOWS\System32\USER32.dll
0x00007ffbbe8b0000 - 0x00007ffbbeb4a000 	C:\WINDOWS\WinSxS\amd64_microsoft.windows.common-controls_6595b64144ccf1df_6.0.19041.3636_none_60b6a03d71f818d5\COMCTL32.dll
0x00007ffbce260000 - 0x00007ffbce282000 	C:\WINDOWS\System32\win32u.dll
0x00007ffbcf020000 - 0x00007ffbcf04c000 	C:\WINDOWS\System32\GDI32.dll
0x00007ffbcf330000 - 0x00007ffbcf3ce000 	C:\WINDOWS\System32\msvcrt.dll
0x00007ffbce140000 - 0x00007ffbce25a000 	C:\WINDOWS\System32\gdi32full.dll
0x00007ffbce740000 - 0x00007ffbce7dd000 	C:\WINDOWS\System32\msvcp_win.dll
0x00007ffbcf790000 - 0x00007ffbcf7c0000 	C:\WINDOWS\System32\IMM32.DLL
0x00007ffbcb120000 - 0x00007ffbcb12c000 	C:\Users\SHUBHAM\.jdks\graalvm-jdk-17.0.8\bin\vcruntime140_1.dll
0x00007ffbba3a0000 - 0x00007ffbba42e000 	C:\Users\SHUBHAM\.jdks\graalvm-jdk-17.0.8\bin\msvcp140.dll
0x00007ffb45da0000 - 0x00007ffb46971000 	C:\Users\SHUBHAM\.jdks\graalvm-jdk-17.0.8\bin\server\jvm.dll
0x00007ffbcee40000 - 0x00007ffbceeef000 	C:\WINDOWS\System32\ADVAPI32.dll
0x00007ffbcfaa0000 - 0x00007ffbcfb3c000 	C:\WINDOWS\System32\sechost.dll
0x00007ffbceef0000 - 0x00007ffbcf016000 	C:\WINDOWS\System32\RPCRT4.dll
0x00007ffbcdf50000 - 0x00007ffbcdf9b000 	C:\WINDOWS\SYSTEM32\POWRPROF.dll
0x00007ffbc93a0000 - 0x00007ffbc93a9000 	C:\WINDOWS\SYSTEM32\WSOCK32.dll
0x00007ffbcf7c0000 - 0x00007ffbcf82b000 	C:\WINDOWS\System32\WS2_32.dll
0x00007ffbbdbe0000 - 0x00007ffbbdc07000 	C:\WINDOWS\SYSTEM32\WINMM.dll
0x00007ffbc6440000 - 0x00007ffbc644a000 	C:\WINDOWS\SYSTEM32\VERSION.dll
0x00007ffbcdf30000 - 0x00007ffbcdf42000 	C:\WINDOWS\SYSTEM32\UMPDC.dll
0x00007ffbcc900000 - 0x00007ffbcc912000 	C:\WINDOWS\SYSTEM32\kernel.appcore.dll
0x00007ffbc9470000 - 0x00007ffbc947a000 	C:\Users\SHUBHAM\.jdks\graalvm-jdk-17.0.8\bin\jimage.dll
0x00007ffbcbe70000 - 0x00007ffbcc054000 	C:\WINDOWS\SYSTEM32\DBGHELP.DLL
0x00007ffbbb7f0000 - 0x00007ffbbb824000 	C:\WINDOWS\SYSTEM32\dbgcore.DLL
0x00007ffbce9b0000 - 0x00007ffbcea32000 	C:\WINDOWS\System32\bcryptPrimitives.dll
0x00007ffbc8a60000 - 0x00007ffbc8a6e000 	C:\Users\SHUBHAM\.jdks\graalvm-jdk-17.0.8\bin\instrument.dll
0x00007ffbc7fa0000 - 0x00007ffbc7fc5000 	C:\Users\SHUBHAM\.jdks\graalvm-jdk-17.0.8\bin\java.dll
0x00007ffb999d0000 - 0x00007ffb99aa7000 	C:\Users\SHUBHAM\.jdks\graalvm-jdk-17.0.8\bin\jsvml.dll
0x00007ffbcfe10000 - 0x00007ffbd0554000 	C:\WINDOWS\System32\SHELL32.dll
0x00007ffbcc060000 - 0x00007ffbcc7fb000 	C:\WINDOWS\SYSTEM32\windows.storage.dll
0x00007ffbcf430000 - 0x00007ffbcf784000 	C:\WINDOWS\System32\combase.dll
0x00007ffbcd980000 - 0x00007ffbcd9ad000 	C:\WINDOWS\SYSTEM32\Wldp.dll
0x00007ffbcf990000 - 0x00007ffbcfa3d000 	C:\WINDOWS\System32\SHCORE.dll
0x00007ffbcf3d0000 - 0x00007ffbcf425000 	C:\WINDOWS\System32\shlwapi.dll
0x00007ffbce020000 - 0x00007ffbce045000 	C:\WINDOWS\SYSTEM32\profapi.dll
0x00007ffbc7d90000 - 0x00007ffbc7da8000 	C:\Users\SHUBHAM\.jdks\graalvm-jdk-17.0.8\bin\zip.dll
0x00007ffb42790000 - 0x00007ffb44a5d000 	C:\Users\SHUBHAM\.jdks\graalvm-jdk-17.0.8\bin\jvmcicompiler.dll
0x00007ffbcec80000 - 0x00007ffbcec88000 	C:\WINDOWS\System32\PSAPI.DLL
0x00007ffbce850000 - 0x00007ffbce9ad000 	C:\WINDOWS\System32\CRYPT32.dll
0x00007ffbcdfa0000 - 0x00007ffbcdfce000 	C:\WINDOWS\SYSTEM32\USERENV.dll
0x00007ffbcd760000 - 0x00007ffbcd7ca000 	C:\WINDOWS\SYSTEM32\MSWSOCK.dll
0x00007ffbcdad0000 - 0x00007ffbcdaf7000 	C:\WINDOWS\SYSTEM32\ncrypt.dll
0x00007ffbcd470000 - 0x00007ffbcd4ab000 	C:\WINDOWS\SYSTEM32\IPHLPAPI.DLL
0x00007ffbcda90000 - 0x00007ffbcdacb000 	C:\WINDOWS\SYSTEM32\NTASN1.dll
0x00007ffbc7df0000 - 0x00007ffbc7e09000 	C:\Users\SHUBHAM\.jdks\graalvm-jdk-17.0.8\bin\net.dll
0x00007ffbc6150000 - 0x00007ffbc625a000 	C:\WINDOWS\SYSTEM32\WINHTTP.dll
0x00007ffbc7dd0000 - 0x00007ffbc7de6000 	C:\Users\SHUBHAM\.jdks\graalvm-jdk-17.0.8\bin\nio.dll
0x00007ffbc7d70000 - 0x00007ffbc7d8a000 	C:\Program Files\JetBrains\IntelliJ IDEA Community Edition 2022.3.2\bin\breakgen64.dll
0x00007ffbc6080000 - 0x00007ffbc608e000 	C:\Users\SHUBHAM\.jdks\graalvm-jdk-17.0.8\bin\sunmscapi.dll
0x00007ffbcd9c0000 - 0x00007ffbcd9d8000 	C:\WINDOWS\SYSTEM32\CRYPTSP.dll
0x00007ffbcd0b0000 - 0x00007ffbcd0e4000 	C:\WINDOWS\system32\rsaenh.dll
0x00007ffbcea40000 - 0x00007ffbcea67000 	C:\WINDOWS\System32\bcrypt.dll
0x00007ffbcd8f0000 - 0x00007ffbcd8fc000 	C:\WINDOWS\SYSTEM32\CRYPTBASE.dll
0x00007ffbcee30000 - 0x00007ffbcee38000 	C:\WINDOWS\System32\NSI.dll
0x00007ffbc6aa0000 - 0x00007ffbc6ab7000 	C:\WINDOWS\SYSTEM32\dhcpcsvc6.DLL
0x00007ffbc6880000 - 0x00007ffbc689d000 	C:\WINDOWS\SYSTEM32\dhcpcsvc.DLL
0x00007ffbcd4b0000 - 0x00007ffbcd57a000 	C:\WINDOWS\SYSTEM32\DNSAPI.dll
0x00007ffbc7e90000 - 0x00007ffbc7e9a000 	C:\Users\SHUBHAM\.jdks\graalvm-jdk-17.0.8\bin\management.dll
0x00007ffbc7dc0000 - 0x00007ffbc7dcb000 	C:\Users\SHUBHAM\.jdks\graalvm-jdk-17.0.8\bin\management_ext.dll
0x00007ffbc7f80000 - 0x00007ffbc7f90000 	C:\Users\SHUBHAM\.jdks\graalvm-jdk-17.0.8\bin\verify.dll
0x00007ffbc55b0000 - 0x00007ffbc55ba000 	C:\Windows\System32\rasadhlp.dll
0x00007ffbc3750000 - 0x00007ffbc37d0000 	C:\WINDOWS\System32\fwpuclnt.dll
0x00007ffbc57a0000 - 0x00007ffbc57a7000 	C:\WINDOWS\system32\wshunix.dll

dbghelp: loaded successfully - version: 4.0.5 - missing functions: none
symbol engine: initialized successfully - sym options: 0x614 - pdb path: .;C:\Users\SHUBHAM\.jdks\graalvm-jdk-17.0.8\bin;C:\WINDOWS\SYSTEM32;C:\WINDOWS\WinSxS\amd64_microsoft.windows.common-controls_6595b64144ccf1df_6.0.19041.3636_none_60b6a03d71f818d5;C:\Users\SHUBHAM\.jdks\graalvm-jdk-17.0.8\bin\server;C:\Program Files\JetBrains\IntelliJ IDEA Community Edition 2022.3.2\bin

VM Arguments:
jvm_args: -XX:ThreadPriorityPolicy=1 -XX:+UnlockExperimentalVMOptions -XX:+EnableJVMCIProduct -XX:-UnlockExperimentalVMOptions -javaagent:C:\Program Files\JetBrains\IntelliJ IDEA Community Edition 2022.3.2\lib\idea_rt.jar=55563:C:\Program Files\JetBrains\IntelliJ IDEA Community Edition 2022.3.2\bin -Dfile.encoding=UTF-8 
java_command: com.airticket.itc.ItcApplication
java_class_path (initial): F:\WorkProjects\Personal_Projects\ITCBank\Spring\target\classes;C:\Users\SHUBHAM\.m2\repository\org\springframework\boot\spring-boot-starter-data-jpa\3.2.0\spring-boot-starter-data-jpa-3.2.0.jar;C:\Users\SHUBHAM\.m2\repository\org\springframework\boot\spring-boot-starter-aop\3.2.0\spring-boot-starter-aop-3.2.0.jar;C:\Users\SHUBHAM\.m2\repository\org\aspectj\aspectjweaver\1.9.20.1\aspectjweaver-1.9.20.1.jar;C:\Users\SHUBHAM\.m2\repository\org\springframework\boot\spring-boot-starter-jdbc\3.2.0\spring-boot-starter-jdbc-3.2.0.jar;C:\Users\SHUBHAM\.m2\repository\com\zaxxer\HikariCP\5.0.1\HikariCP-5.0.1.jar;C:\Users\SHUBHAM\.m2\repository\org\springframework\spring-jdbc\6.1.1\spring-jdbc-6.1.1.jar;C:\Users\SHUBHAM\.m2\repository\org\hibernate\orm\hibernate-core\6.3.1.Final\hibernate-core-6.3.1.Final.jar;C:\Users\SHUBHAM\.m2\repository\jakarta\persistence\jakarta.persistence-api\3.1.0\jakarta.persistence-api-3.1.0.jar;C:\Users\SHUBHAM\.m2\repository\jakarta\transaction\jakarta.transaction-api\2.0.1\jakarta.transaction-api-2.0.1.jar;C:\Users\SHUBHAM\.m2\repository\org\jboss\logging\jboss-logging\3.5.3.Final\jboss-logging-3.5.3.Final.jar;C:\Users\SHUBHAM\.m2\repository\org\hibernate\common\hibernate-commons-annotations\6.0.6.Final\hibernate-commons-annotations-6.0.6.Final.jar;C:\Users\SHUBHAM\.m2\repository\io\smallrye\jandex\3.1.2\jandex-3.1.2.jar;C:\Users\SHUBHAM\.m2\repository\com\fasterxml\classmate\1.6.0\classmate-1.6.0.jar;C:\Users\SHUBHAM\.m2\repository\net\bytebuddy\byte-buddy\1.14.10\byte-buddy-1.14.10.jar;C:\Users\SHUBHAM\.m2\repository\org\glassfish\jaxb\jaxb-runtime\4.0.4\jaxb-runtime-4.0.4.jar;C:\Users\SHUBHAM\.m2\repository\org\glassfish\jaxb\jaxb-core\4.0.4\jaxb-core-4.0.4.jar;C:\Users\SHUBHAM\.m2\repository\org\glassfish\jaxb\txw2\4.0.4\txw2-4.0.4.jar;C:\Users\SHUBHAM\.m2\repository\com\sun\istack\istack-commons-runtime\4.1.2\istack-commons-runtime-4.1.2.jar;C:\Users\SHUBHAM\.m2\repository\jakarta\inject\jakarta.inject-api\2.0.1\
Launcher Type: SUN_STANDARD

[Global flags]
     intx CICompilerCount                          = 3                                         {product} {ergonomic}
     uint ConcGCThreads                            = 1                                         {product} {ergonomic}
     bool EnableJVMCIProduct                       = true                                {JVMCI product} {jimage}
     uint G1ConcRefinementThreads                  = 4                                         {product} {ergonomic}
   size_t G1HeapRegionSize                         = 1048576                                   {product} {ergonomic}
    uintx GCDrainStackTargetSize                   = 64                                        {product} {ergonomic}
   size_t InitialHeapSize                          = 132120576                                 {product} {ergonomic}
   size_t MarkStackSize                            = 4194304                                   {product} {ergonomic}
   size_t MaxHeapSize                              = 2113929216                                {product} {ergonomic}
   size_t MaxNewSize                               = 1267728384                                {product} {ergonomic}
   size_t MinHeapDeltaBytes                        = 1048576                                   {product} {ergonomic}
   size_t MinHeapSize                              = 8388608                                   {product} {ergonomic}
    uintx NonNMethodCodeHeapSize                   = 6402904                                {pd product} {ergonomic}
    uintx NonProfiledCodeHeapSize                  = 122627668                              {pd product} {ergonomic}
    uintx ProfiledCodeHeapSize                     = 122627668                              {pd product} {ergonomic}
    uintx ReservedCodeCacheSize                    = 251658240                              {pd product} {ergonomic}
     bool SegmentedCodeCache                       = true                                      {product} {ergonomic}
   size_t SoftMaxHeapSize                          = 2113929216                             {manageable} {ergonomic}
     intx ThreadPriorityPolicy                     = 1                                         {product} {jimage}
     bool UseCompressedClassPointers               = true                           {product lp64_product} {ergonomic}
     bool UseCompressedOops                        = true                           {product lp64_product} {ergonomic}
     bool UseG1GC                                  = true                                      {product} {ergonomic}
     bool UseLargePagesIndividualAllocation        = false                                  {pd product} {ergonomic}

Logging:
Log output configuration:
 #0: stdout all=warning uptime,level,tags
 #1: stderr all=off uptime,level,tags

Environment Variables:
PATH=C:\Program Files\Eclipse Adoptium\jdk-11.0.18.10-hotspot\bin;C:\WINDOWS\system32;C:\WINDOWS;C:\WINDOWS\System32\Wbem;C:\WINDOWS\System32\WindowsPowerShell\v1.0\;C:\WINDOWS\System32\OpenSSH\;C:\MinGW\bin;C:\Program Files\Git\cmd;C:\Program Files\PuTTY\;C:\Program Files\nodejs\;C:\Program Files\dotnet\;C:\Program Files\Microsoft SQL Server\150\Tools\Binn\;C:\Program Files\MySQL\MySQL Shell 8.0\bin\;C:\Users\SHUBHAM\AppData\Local\Microsoft\WindowsApps;C:\Users\SHUBHAM\AppData\Local\Programs\Microsoft VS Code\bin;C:\MinGW\bin;C:\Program Files\MongoDB\Server\5.0\bin;C:\Users\SHUBHAM\AppData\Roaming\npm;C:\Users\SHUBHAM\.dotnet\tools;C:\Program Files\JetBrains\IntelliJ IDEA Educational Edition 2022.2.2\bin;;C:\Program Files\JetBrains\IntelliJ IDEA Community Edition 2022.3.2\bin;;C:\Users\SHUBHAM\AppData\Local\GitHubDesktop\bin;C:\Program Files\heroku\bin
USERNAME=SHUBHAM
OS=Windows_NT
PROCESSOR_IDENTIFIER=Intel64 Family 6 Model 142 Stepping 9, GenuineIntel
TMP=C:\Users\SHUBHAM\AppData\Local\Temp
TEMP=C:\Users\SHUBHAM\AppData\Local\Temp



---------------  S Y S T E M  ---------------

OS:
 Windows 10 , 64 bit Build 19041 (10.0.19041.3636)
OS uptime: 8 days 0:10 hours
Hyper-V role detected

CPU: total 4 (initial active 4) (2 cores per cpu, 2 threads per core) family 6 model 142 stepping 9 microcode 0xb4, cx8, cmov, fxsr, ht, mmx, 3dnowpref, sse, sse2, sse3, ssse3, sse4.1, sse4.2, popcnt, lzcnt, tsc, tscinvbit, avx, avx2, aes, erms, clmul, bmi1, bmi2, adx, fma, vzeroupper, clflush, clflushopt, hv
Processor Information for all 4 processors :
  Max Mhz: 2701, Current Mhz: 1500, Mhz Limit: 2701

Memory: 4k page, system-wide physical 8058M (893M free)
TotalPageFile size 23242M (AvailPageFile size 13M)
current process WorkingSet (physical memory assigned to process): 358M, peak: 402M
current process commit charge ("private bytes"): 381M, peak: 426M

vm_info: OpenJDK 64-Bit Server VM (17.0.8+7-jvmci-23.0-b15) for windows-amd64 JRE (17.0.8+7-jvmci-23.0-b15), built on Jul 19 2023 13:49:17 by "" with MS VC++ 17.1 (VS2022)

END.
