#
# A fatal error has been detected by the Java Runtime Environment:
#
#  Internal Error (jvmciRuntime.cpp:1270), pid=18972, tid=1168
#  fatal error: JNI_CreateJavaVM failed with return value -4
#
# JRE version: OpenJDK Runtime Environment GraalVM CE 17.0.8+7.1 (17.0.8+7) (build 17.0.8+7-jvmci-23.0-b15)
# Java VM: OpenJDK 64-Bit Server VM GraalVM CE 17.0.8+7.1 (17.0.8+7-jvmci-23.0-b15, mixed mode, sharing, tiered, jvmci, jvmci compiler, compressed oops, compressed class ptrs, g1 gc, windows-amd64)
# No core dump will be written. Minidumps are not enabled by default on client versions of Windows
#
# If you would like to submit a bug report, please visit:
#   https://github.com/oracle/graal/issues
#

---------------  S U M M A R Y ------------

Command Line: -XX:ThreadPriorityPolicy=1 -XX:+UnlockExperimentalVMOptions -XX:+EnableJVMCIProduct -XX:-UnlockExperimentalVMOptions -javaagent:C:\Program Files\JetBrains\IntelliJ IDEA Community Edition 2022.3.2\lib\idea_rt.jar=56010:C:\Program Files\JetBrains\IntelliJ IDEA Community Edition 2022.3.2\bin -Dfile.encoding=UTF-8 com.airticket.itc.ItcApplication

Host: Intel(R) Core(TM) i5-7200U CPU @ 2.50GHz, 4 cores, 7G,  Windows 10 , 64 bit Build 19041 (10.0.19041.3636)
Time: Fri Dec  8 10:37:43 2023 India Standard Time elapsed time: 110.168559 seconds (0d 0h 1m 50s)

---------------  T H R E A D  ---------------

Current thread (0x00000187ad591850):  JavaThread "JVMCI-native CompilerThread0" daemon [_thread_in_vm, id=1168, stack(0x0000001980700000,0x0000001980800000)]


Current CompileTask:
JVMCI-native: 110170 7030       4       jdk.internal.reflect.DelegatingConstructorAccessorImpl::newInstance (9 bytes)

Stack: [0x0000001980700000,0x0000001980800000]
Native frames: (J=compiled Java code, j=interpreted, Vv=VM code, C=native code)
V  [jvm.dll+0x66a6da]
V  [jvm.dll+0x7cadde]
V  [jvm.dll+0x7cc72e]
V  [jvm.dll+0x24535b]
V  [jvm.dll+0x4b3be9]
V  [jvm.dll+0x49ca12]
V  [jvm.dll+0x497362]
V  [jvm.dll+0x226ae1]
V  [jvm.dll+0x22503e]
V  [jvm.dll+0x78150c]
V  [jvm.dll+0x77b90a]
V  [jvm.dll+0x669525]
C  [ucrtbase.dll+0x21bb2]
C  [KERNEL32.DLL+0x17344]
C  [ntdll.dll+0x526b1]


---------------  P R O C E S S  ---------------

Threads class SMR info:
_java_thread_list=0x00000187f8206b90, length=31, elements={
0x00000187ad54bea0, 0x00000187ad54cc30, 0x00000187ad55b500, 0x00000187ad55cfe0,
0x00000187ad55f8c0, 0x00000187ad5695b0, 0x00000187ad591850, 0x00000187ad592210,
0x00000187ad5a52f0, 0x00000187ad535a60, 0x00000187f4382800, 0x00000187f4382ce0,
0x00000187f5e34a80, 0x00000187f5e33640, 0x00000187f5e312d0, 0x00000187f5e317e0,
0x00000187f5e31cf0, 0x00000187f5e33b50, 0x00000187f6b57e40, 0x00000187f6b58860,
0x00000187f6b53760, 0x00000187f6b55ad0, 0x00000187f6b57930, 0x00000187f6b550b0,
0x00000187f6b53c70, 0x00000187f6b58350, 0x00000187f6b58d70, 0x00000187f6b564f0,
0x00000187f6b54ba0, 0x00000187f6b56a00, 0x00000187f7b9f070
}

Java Threads: ( => current thread )
  0x00000187ad54bea0 JavaThread "Reference Handler" daemon [_thread_blocked, id=15356, stack(0x0000001980100000,0x0000001980200000)]
  0x00000187ad54cc30 JavaThread "Finalizer" daemon [_thread_blocked, id=2876, stack(0x0000001980200000,0x0000001980300000)]
  0x00000187ad55b500 JavaThread "Signal Dispatcher" daemon [_thread_blocked, id=9152, stack(0x0000001980300000,0x0000001980400000)]
  0x00000187ad55cfe0 JavaThread "Attach Listener" daemon [_thread_blocked, id=1548, stack(0x0000001980400000,0x0000001980500000)]
  0x00000187ad55f8c0 JavaThread "Service Thread" daemon [_thread_blocked, id=16964, stack(0x0000001980500000,0x0000001980600000)]
  0x00000187ad5695b0 JavaThread "Monitor Deflation Thread" daemon [_thread_blocked, id=3688, stack(0x0000001980600000,0x0000001980700000)]
=>0x00000187ad591850 JavaThread "JVMCI-native CompilerThread0" daemon [_thread_in_vm, id=1168, stack(0x0000001980700000,0x0000001980800000)]
  0x00000187ad592210 JavaThread "C1 CompilerThread0" daemon [_thread_blocked, id=4632, stack(0x0000001980800000,0x0000001980900000)]
  0x00000187ad5a52f0 JavaThread "Sweeper thread" daemon [_thread_blocked, id=13704, stack(0x0000001980900000,0x0000001980a00000)]
  0x00000187ad535a60 JavaThread "Common-Cleaner" daemon [_thread_blocked, id=19244, stack(0x0000001980a00000,0x0000001980b00000)]
  0x00000187f4382800 JavaThread "Monitor Ctrl-Break" daemon [_thread_in_native, id=1368, stack(0x0000001980c00000,0x0000001980d00000)]
  0x00000187f4382ce0 JavaThread "Notification Thread" daemon [_thread_blocked, id=6288, stack(0x0000001980d00000,0x0000001980e00000)]
  0x00000187f5e34a80 JavaThread "mysql-cj-abandoned-connection-cleanup" daemon [_thread_blocked, id=13028, stack(0x0000001981200000,0x0000001981300000)]
  0x00000187f5e33640 JavaThread "HikariPool-1 housekeeper" daemon [_thread_blocked, id=20532, stack(0x0000001981400000,0x0000001981500000)]
  0x00000187f5e312d0 JavaThread "Catalina-utility-1" [_thread_blocked, id=7740, stack(0x0000001981600000,0x0000001981700000)]
  0x00000187f5e317e0 JavaThread "Catalina-utility-2" [_thread_blocked, id=17436, stack(0x0000001981700000,0x0000001981800000)]
  0x00000187f5e31cf0 JavaThread "container-0" [_thread_blocked, id=14700, stack(0x0000001981800000,0x0000001981900000)]
  0x00000187f5e33b50 JavaThread "http-nio-8080-exec-1" daemon [_thread_blocked, id=16220, stack(0x0000001981900000,0x0000001981a00000)]
  0x00000187f6b57e40 JavaThread "http-nio-8080-exec-2" daemon [_thread_blocked, id=16476, stack(0x0000001981a00000,0x0000001981b00000)]
  0x00000187f6b58860 JavaThread "http-nio-8080-exec-3" daemon [_thread_blocked, id=20316, stack(0x0000001981b00000,0x0000001981c00000)]
  0x00000187f6b53760 JavaThread "http-nio-8080-exec-4" daemon [_thread_blocked, id=11368, stack(0x0000001981c00000,0x0000001981d00000)]
  0x00000187f6b55ad0 JavaThread "http-nio-8080-exec-5" daemon [_thread_blocked, id=8548, stack(0x0000001981d00000,0x0000001981e00000)]
  0x00000187f6b57930 JavaThread "http-nio-8080-exec-6" daemon [_thread_in_native, id=13200, stack(0x0000001981e00000,0x0000001981f00000)]
  0x00000187f6b550b0 JavaThread "http-nio-8080-exec-7" daemon [_thread_blocked, id=5044, stack(0x0000001981f00000,0x0000001982000000)]
  0x00000187f6b53c70 JavaThread "http-nio-8080-exec-8" daemon [_thread_blocked, id=7848, stack(0x0000001982000000,0x0000001982100000)]
  0x00000187f6b58350 JavaThread "http-nio-8080-exec-9" daemon [_thread_blocked, id=20900, stack(0x0000001982100000,0x0000001982200000)]
  0x00000187f6b58d70 JavaThread "http-nio-8080-exec-10" daemon [_thread_blocked, id=16368, stack(0x0000001982200000,0x0000001982300000)]
  0x00000187f6b564f0 JavaThread "http-nio-8080-Poller" daemon [_thread_in_native, id=7044, stack(0x0000001982300000,0x0000001982400000)]
  0x00000187f6b54ba0 JavaThread "http-nio-8080-Acceptor" daemon [_thread_in_native, id=20704, stack(0x0000001982400000,0x0000001982500000)]
  0x00000187f6b56a00 JavaThread "DestroyJavaVM" [_thread_blocked, id=4504, stack(0x00000019ffa00000,0x00000019ffb00000)]
  0x00000187f7b9f070 JavaThread "C1 CompilerThread1" daemon [_thread_blocked, id=22084, stack(0x0000001980b00000,0x0000001980c00000)]

Other Threads:
  0x00000187ad546ac0 VMThread "VM Thread" [stack: 0x0000001980000000,0x0000001980100000] [id=9136]
  0x000001878d92e0c0 WatcherThread [stack: 0x0000001980e00000,0x0000001980f00000] [id=4408]
  0x000001878d90fa80 GCTaskThread "GC Thread#0" [stack: 0x00000019ffb00000,0x00000019ffc00000] [id=15304]
  0x00000187f44fc860 GCTaskThread "GC Thread#1" [stack: 0x0000001980f00000,0x0000001981000000] [id=18028]
  0x00000187f44fc020 GCTaskThread "GC Thread#2" [stack: 0x0000001981000000,0x0000001981100000] [id=3568]
  0x00000187f44fdba0 GCTaskThread "GC Thread#3" [stack: 0x0000001981100000,0x0000001981200000] [id=736]
  0x000001878d9205d0 ConcurrentGCThread "G1 Main Marker" [stack: 0x00000019ffc00000,0x00000019ffd00000] [id=3248]
  0x000001878d925790 ConcurrentGCThread "G1 Conc#0" [stack: 0x00000019ffd00000,0x00000019ffe00000] [id=21232]
  0x00000187ad4020c0 ConcurrentGCThread "G1 Refine#0" [stack: 0x00000019ffe00000,0x00000019fff00000] [id=15932]
  0x00000187f5f52ad0 ConcurrentGCThread "G1 Refine#1" [stack: 0x0000001981500000,0x0000001981600000] [id=19976]
  0x00000187ad403a10 ConcurrentGCThread "G1 Service" [stack: 0x00000019fff00000,0x0000001a00000000] [id=10496]

Threads with active compile tasks:
JVMCI-native CompilerThread0   110249 7030       4       jdk.internal.reflect.DelegatingConstructorAccessorImpl::newInstance (9 bytes)

VM state: not at safepoint (normal execution)

VM Mutex/Monitor currently owned by a thread: None

Heap address: 0x0000000082000000, size: 2016 MB, Compressed Oops mode: 32-bit

CDS archive(s) mapped at: [0x00000187ae000000-0x00000187aebd0000-0x00000187aebd0000), size 12386304, SharedBaseAddress: 0x00000187ae000000, ArchiveRelocationMode: 1.
Compressed class space mapped at: 0x00000187af000000-0x00000187ef000000, reserved size: 1073741824
Narrow klass base: 0x00000187ae000000, Narrow klass shift: 0, Narrow klass range: 0x100000000

GC Precious Log:
 CPUs: 4 total, 4 available
 Memory: 8058M
 Large Page Support: Disabled
 NUMA Support: Disabled
 Compressed Oops: Enabled (32-bit)
 Heap Region Size: 1M
 Heap Min Capacity: 8M
 Heap Initial Capacity: 126M
 Heap Max Capacity: 2016M
 Pre-touch: Disabled
 Parallel Workers: 4
 Concurrent Workers: 1
 Concurrent Refinement Workers: 4
 Periodic GC: Disabled

Heap:
 garbage-first heap   total 86016K, used 42793K [0x0000000082000000, 0x0000000100000000)
  region size 1024K, 17 young (17408K), 5 survivors (5120K)
 Metaspace       used 77881K, committed 78400K, reserved 1179648K
  class space    used 10217K, committed 10432K, reserved 1048576K

Heap Regions: E=young(eden), S=young(survivor), O=old, HS=humongous(starts), HC=humongous(continues), CS=collection set, F=free, OA=open archive, CA=closed archive, TAMS=top-at-mark-start (previous, next)
|   0|0x0000000082000000, 0x0000000082100000, 0x0000000082100000|100%|HS|  |TAMS 0x0000000082100000, 0x0000000082000000| Complete 
|   1|0x0000000082100000, 0x0000000082200000, 0x0000000082200000|100%| O|  |TAMS 0x0000000082200000, 0x0000000082100000| Untracked 
|   2|0x0000000082200000, 0x0000000082300000, 0x0000000082300000|100%| O|  |TAMS 0x0000000082300000, 0x0000000082200000| Untracked 
|   3|0x0000000082300000, 0x0000000082400000, 0x0000000082400000|100%| O|  |TAMS 0x0000000082400000, 0x0000000082300000| Untracked 
|   4|0x0000000082400000, 0x0000000082500000, 0x0000000082500000|100%| O|  |TAMS 0x0000000082500000, 0x0000000082400000| Untracked 
|   5|0x0000000082500000, 0x0000000082600000, 0x0000000082600000|100%| O|  |TAMS 0x0000000082600000, 0x0000000082500000| Untracked 
|   6|0x0000000082600000, 0x0000000082700000, 0x0000000082700000|100%| O|  |TAMS 0x0000000082700000, 0x0000000082600000| Untracked 
|   7|0x0000000082700000, 0x0000000082800000, 0x0000000082800000|100%| O|  |TAMS 0x0000000082800000, 0x0000000082700000| Untracked 
|   8|0x0000000082800000, 0x0000000082900000, 0x0000000082900000|100%| O|  |TAMS 0x0000000082900000, 0x0000000082800000| Untracked 
|   9|0x0000000082900000, 0x0000000082a00000, 0x0000000082a00000|100%| O|  |TAMS 0x0000000082a00000, 0x0000000082900000| Untracked 
|  10|0x0000000082a00000, 0x0000000082b00000, 0x0000000082b00000|100%| O|  |TAMS 0x0000000082b00000, 0x0000000082a00000| Untracked 
|  11|0x0000000082b00000, 0x0000000082c00000, 0x0000000082c00000|100%| O|  |TAMS 0x0000000082c00000, 0x0000000082b00000| Untracked 
|  12|0x0000000082c00000, 0x0000000082d00000, 0x0000000082d00000|100%| O|  |TAMS 0x0000000082d00000, 0x0000000082c00000| Untracked 
|  13|0x0000000082d00000, 0x0000000082e00000, 0x0000000082e00000|100%| O|  |TAMS 0x0000000082e00000, 0x0000000082d00000| Untracked 
|  14|0x0000000082e00000, 0x0000000082f00000, 0x0000000082f00000|100%| O|  |TAMS 0x0000000082f00000, 0x0000000082e00000| Untracked 
|  15|0x0000000082f00000, 0x0000000083000000, 0x0000000083000000|100%| O|  |TAMS 0x0000000083000000, 0x0000000082f00000| Untracked 
|  16|0x0000000083000000, 0x0000000083100000, 0x0000000083100000|100%| O|  |TAMS 0x0000000083100000, 0x0000000083000000| Untracked 
|  17|0x0000000083100000, 0x0000000083200000, 0x0000000083200000|100%| O|  |TAMS 0x0000000083200000, 0x0000000083100000| Untracked 
|  18|0x0000000083200000, 0x0000000083300000, 0x0000000083300000|100%| O|  |TAMS 0x0000000083300000, 0x0000000083200000| Untracked 
|  19|0x0000000083300000, 0x0000000083400000, 0x0000000083400000|100%| O|  |TAMS 0x0000000083300000, 0x0000000083300000| Untracked 
|  20|0x0000000083400000, 0x0000000083500000, 0x0000000083500000|100%| O|  |TAMS 0x0000000083500000, 0x0000000083400000| Untracked 
|  21|0x0000000083500000, 0x0000000083600000, 0x0000000083600000|100%| O|  |TAMS 0x0000000083600000, 0x0000000083500000| Untracked 
|  22|0x0000000083600000, 0x000000008361de00, 0x0000000083700000| 11%| O|  |TAMS 0x000000008361de00, 0x0000000083600000| Untracked 
|  23|0x0000000083700000, 0x0000000083800000, 0x0000000083800000|100%| O|  |TAMS 0x0000000083700000, 0x0000000083700000| Untracked 
|  24|0x0000000083800000, 0x0000000083900000, 0x0000000083900000|100%| O|  |TAMS 0x0000000083800000, 0x0000000083800000| Untracked 
|  25|0x0000000083900000, 0x0000000083a00000, 0x0000000083a00000|100%| O|  |TAMS 0x0000000083900000, 0x0000000083900000| Untracked 
|  26|0x0000000083a00000, 0x0000000083b00000, 0x0000000083b00000|100%| O|  |TAMS 0x0000000083a00000, 0x0000000083a00000| Untracked 
|  27|0x0000000083b00000, 0x0000000083bd1800, 0x0000000083c00000| 81%| O|  |TAMS 0x0000000083b00000, 0x0000000083b00000| Untracked 
|  28|0x0000000083c00000, 0x0000000083c00000, 0x0000000083d00000|  0%| F|  |TAMS 0x0000000083c00000, 0x0000000083c00000| Untracked 
|  29|0x0000000083d00000, 0x0000000083d00000, 0x0000000083e00000|  0%| F|  |TAMS 0x0000000083d00000, 0x0000000083d00000| Untracked 
|  30|0x0000000083e00000, 0x0000000083e00000, 0x0000000083f00000|  0%| F|  |TAMS 0x0000000083e00000, 0x0000000083e00000| Untracked 
|  31|0x0000000083f00000, 0x0000000083f00000, 0x0000000084000000|  0%| F|  |TAMS 0x0000000083f00000, 0x0000000083f00000| Untracked 
|  32|0x0000000084000000, 0x0000000084000000, 0x0000000084100000|  0%| F|  |TAMS 0x0000000084000000, 0x0000000084000000| Untracked 
|  33|0x0000000084100000, 0x0000000084100000, 0x0000000084200000|  0%| F|  |TAMS 0x0000000084100000, 0x0000000084100000| Untracked 
|  34|0x0000000084200000, 0x0000000084200000, 0x0000000084300000|  0%| F|  |TAMS 0x0000000084200000, 0x0000000084200000| Untracked 
|  35|0x0000000084300000, 0x0000000084300000, 0x0000000084400000|  0%| F|  |TAMS 0x0000000084300000, 0x0000000084300000| Untracked 
|  36|0x0000000084400000, 0x0000000084400000, 0x0000000084500000|  0%| F|  |TAMS 0x0000000084400000, 0x0000000084400000| Untracked 
|  37|0x0000000084500000, 0x0000000084500000, 0x0000000084600000|  0%| F|  |TAMS 0x0000000084500000, 0x0000000084500000| Untracked 
|  38|0x0000000084600000, 0x0000000084600000, 0x0000000084700000|  0%| F|  |TAMS 0x0000000084600000, 0x0000000084600000| Untracked 
|  39|0x0000000084700000, 0x0000000084700000, 0x0000000084800000|  0%| F|  |TAMS 0x0000000084700000, 0x0000000084700000| Untracked 
|  40|0x0000000084800000, 0x0000000084800000, 0x0000000084900000|  0%| F|  |TAMS 0x0000000084800000, 0x0000000084800000| Untracked 
|  41|0x0000000084900000, 0x00000000849db140, 0x0000000084a00000| 85%| S|CS|TAMS 0x0000000084900000, 0x0000000084900000| Complete 
|  42|0x0000000084a00000, 0x0000000084b00000, 0x0000000084b00000|100%| S|CS|TAMS 0x0000000084a00000, 0x0000000084a00000| Complete 
|  43|0x0000000084b00000, 0x0000000084c00000, 0x0000000084c00000|100%| S|CS|TAMS 0x0000000084b00000, 0x0000000084b00000| Complete 
|  44|0x0000000084c00000, 0x0000000084c00000, 0x0000000084d00000|  0%| F|  |TAMS 0x0000000084c00000, 0x0000000084c00000| Untracked 
|  45|0x0000000084d00000, 0x0000000084d00000, 0x0000000084e00000|  0%| F|  |TAMS 0x0000000084d00000, 0x0000000084d00000| Untracked 
|  46|0x0000000084e00000, 0x0000000084f00000, 0x0000000084f00000|100%| S|CS|TAMS 0x0000000084e00000, 0x0000000084e00000| Complete 
|  47|0x0000000084f00000, 0x0000000085000000, 0x0000000085000000|100%| S|CS|TAMS 0x0000000084f00000, 0x0000000084f00000| Complete 
|  48|0x0000000085000000, 0x0000000085000000, 0x0000000085100000|  0%| F|  |TAMS 0x0000000085000000, 0x0000000085000000| Untracked 
|  49|0x0000000085100000, 0x0000000085100000, 0x0000000085200000|  0%| F|  |TAMS 0x0000000085100000, 0x0000000085100000| Untracked 
|  50|0x0000000085200000, 0x0000000085200000, 0x0000000085300000|  0%| F|  |TAMS 0x0000000085200000, 0x0000000085200000| Untracked 
|  51|0x0000000085300000, 0x0000000085300000, 0x0000000085400000|  0%| F|  |TAMS 0x0000000085300000, 0x0000000085300000| Untracked 
|  52|0x0000000085400000, 0x0000000085400000, 0x0000000085500000|  0%| F|  |TAMS 0x0000000085400000, 0x0000000085400000| Untracked 
|  53|0x0000000085500000, 0x0000000085500000, 0x0000000085600000|  0%| F|  |TAMS 0x0000000085500000, 0x0000000085500000| Untracked 
|  54|0x0000000085600000, 0x0000000085600000, 0x0000000085700000|  0%| F|  |TAMS 0x0000000085600000, 0x0000000085600000| Untracked 
|  55|0x0000000085700000, 0x0000000085700000, 0x0000000085800000|  0%| F|  |TAMS 0x0000000085700000, 0x0000000085700000| Untracked 
|  56|0x0000000085800000, 0x0000000085800000, 0x0000000085900000|  0%| F|  |TAMS 0x0000000085800000, 0x0000000085800000| Untracked 
|  57|0x0000000085900000, 0x0000000085900000, 0x0000000085a00000|  0%| F|  |TAMS 0x0000000085900000, 0x0000000085900000| Untracked 
|  58|0x0000000085a00000, 0x0000000085a00000, 0x0000000085b00000|  0%| F|  |TAMS 0x0000000085a00000, 0x0000000085a00000| Untracked 
|  59|0x0000000085b00000, 0x0000000085b00000, 0x0000000085c00000|  0%| F|  |TAMS 0x0000000085b00000, 0x0000000085b00000| Untracked 
|  60|0x0000000085c00000, 0x0000000085c00000, 0x0000000085d00000|  0%| F|  |TAMS 0x0000000085c00000, 0x0000000085c00000| Untracked 
|  61|0x0000000085d00000, 0x0000000085d00000, 0x0000000085e00000|  0%| F|  |TAMS 0x0000000085d00000, 0x0000000085d00000| Untracked 
|  62|0x0000000085e00000, 0x0000000085e00000, 0x0000000085f00000|  0%| F|  |TAMS 0x0000000085e00000, 0x0000000085e00000| Untracked 
|  63|0x0000000085f00000, 0x0000000085f00000, 0x0000000086000000|  0%| F|  |TAMS 0x0000000085f00000, 0x0000000085f00000| Untracked 
|  64|0x0000000086000000, 0x0000000086000000, 0x0000000086100000|  0%| F|  |TAMS 0x0000000086000000, 0x0000000086000000| Untracked 
|  65|0x0000000086100000, 0x0000000086100000, 0x0000000086200000|  0%| F|  |TAMS 0x0000000086100000, 0x0000000086100000| Untracked 
|  66|0x0000000086200000, 0x0000000086200000, 0x0000000086300000|  0%| F|  |TAMS 0x0000000086200000, 0x0000000086200000| Untracked 
|  67|0x0000000086300000, 0x0000000086300000, 0x0000000086400000|  0%| F|  |TAMS 0x0000000086300000, 0x0000000086300000| Untracked 
|  68|0x0000000086400000, 0x0000000086400000, 0x0000000086500000|  0%| F|  |TAMS 0x0000000086400000, 0x0000000086400000| Untracked 
|  69|0x0000000086500000, 0x0000000086500000, 0x0000000086600000|  0%| F|  |TAMS 0x0000000086500000, 0x0000000086500000| Untracked 
|  70|0x0000000086600000, 0x0000000086600000, 0x0000000086700000|  0%| F|  |TAMS 0x0000000086600000, 0x0000000086600000| Untracked 
|  71|0x0000000086700000, 0x0000000086700000, 0x0000000086800000|  0%| F|  |TAMS 0x0000000086700000, 0x0000000086700000| Untracked 
|  72|0x0000000086800000, 0x000000008686c118, 0x0000000086900000| 42%| E|  |TAMS 0x0000000086800000, 0x0000000086800000| Complete 
|  73|0x0000000086900000, 0x0000000086a00000, 0x0000000086a00000|100%| E|CS|TAMS 0x0000000086900000, 0x0000000086900000| Complete 
|  74|0x0000000086a00000, 0x0000000086b00000, 0x0000000086b00000|100%| E|  |TAMS 0x0000000086a00000, 0x0000000086a00000| Complete 
|  75|0x0000000086b00000, 0x0000000086c00000, 0x0000000086c00000|100%| E|CS|TAMS 0x0000000086b00000, 0x0000000086b00000| Complete 
|  76|0x0000000086c00000, 0x0000000086d00000, 0x0000000086d00000|100%| E|CS|TAMS 0x0000000086c00000, 0x0000000086c00000| Complete 
|  77|0x0000000086d00000, 0x0000000086e00000, 0x0000000086e00000|100%| E|CS|TAMS 0x0000000086d00000, 0x0000000086d00000| Complete 
|  78|0x0000000086e00000, 0x0000000086f00000, 0x0000000086f00000|100%| E|CS|TAMS 0x0000000086e00000, 0x0000000086e00000| Complete 
|  79|0x0000000086f00000, 0x0000000087000000, 0x0000000087000000|100%| E|CS|TAMS 0x0000000086f00000, 0x0000000086f00000| Complete 
|  80|0x0000000087000000, 0x0000000087100000, 0x0000000087100000|100%| E|CS|TAMS 0x0000000087000000, 0x0000000087000000| Complete 
|  81|0x0000000087100000, 0x0000000087200000, 0x0000000087200000|100%| E|CS|TAMS 0x0000000087100000, 0x0000000087100000| Complete 
|  82|0x0000000087200000, 0x0000000087300000, 0x0000000087300000|100%| E|CS|TAMS 0x0000000087200000, 0x0000000087200000| Complete 
| 125|0x0000000089d00000, 0x0000000089e00000, 0x0000000089e00000|100%| E|CS|TAMS 0x0000000089d00000, 0x0000000089d00000| Complete 

Card table byte_map: [0x00000187a69b0000,0x00000187a6da0000] _byte_map_base: 0x00000187a65a0000

Marking Bits (Prev, Next): (CMBitMap*) 0x000001878d9100e0, (CMBitMap*) 0x000001878d9100a0
 Prev Bits: [0x00000187a9110000, 0x00000187ab090000)
 Next Bits: [0x00000187a7190000, 0x00000187a9110000)

Polling page: 0x000001878d070000

Metaspace:

Usage:
  Non-class:     66.08 MB used.
      Class:      9.98 MB used.
       Both:     76.06 MB used.

Virtual space:
  Non-class space:      128.00 MB reserved,      66.38 MB ( 52%) committed,  2 nodes.
      Class space:        1.00 GB reserved,      10.19 MB ( <1%) committed,  1 nodes.
             Both:        1.12 GB reserved,      76.56 MB (  7%) committed. 

Chunk freelists:
   Non-Class:  13.00 MB
       Class:  5.76 MB
        Both:  18.75 MB

MaxMetaspaceSize: unlimited
CompressedClassSpaceSize: 1.00 GB
Initial GC threshold: 21.00 MB
Current GC threshold: 79.38 MB
CDS: on
MetaspaceReclaimPolicy: balanced
 - commit_granule_bytes: 65536.
 - commit_granule_words: 8192.
 - virtual_space_node_default_size: 8388608.
 - enlarge_chunks_in_place: 1.
 - new_chunks_are_fully_committed: 0.
 - uncommit_free_chunks: 1.
 - use_allocation_guard: 0.
 - handle_deallocations: 1.


Internal statistics:

num_allocs_failed_limit: 9.
num_arena_births: 754.
num_arena_deaths: 0.
num_vsnodes_births: 3.
num_vsnodes_deaths: 0.
num_space_committed: 1225.
num_space_uncommitted: 0.
num_chunks_returned_to_freelist: 9.
num_chunks_taken_from_freelist: 3405.
num_chunk_merges: 9.
num_chunk_splits: 2508.
num_chunks_enlarged: 2012.
num_inconsistent_stats: 0.

CodeHeap 'non-profiled nmethods': size=119744Kb used=2553Kb max_used=2553Kb free=117191Kb
 bounds [0x000001879f0d0000, 0x000001879f350000, 0x00000187a65c0000]
CodeHeap 'profiled nmethods': size=119744Kb used=13987Kb max_used=13987Kb free=105756Kb
 bounds [0x00000187975c0000, 0x0000018798370000, 0x000001879eab0000]
CodeHeap 'non-nmethods': size=6272Kb used=1936Kb max_used=1939Kb free=4335Kb
 bounds [0x000001879eab0000, 0x000001879ed20000, 0x000001879f0d0000]
 total_blobs=6940 nmethods=6240 adapters=606
 compilation: enabled
              stopped_count=0, restarted_count=0
 full_count=0

JVMCI Events (20 events):
Event: 73.476 Thread 0x00000187ad591850 initialized JVMCI runtime 0
Event: 76.991 Thread 0x00000187ad591850 detaching from JVMCI runtime 0: releasing idle compiler thread (0 other threads still attached)
Event: 76.991 Thread 0x00000187ad591850 shutting down HotSpotJVMCIRuntime for JVMCI runtime 0
Event: 76.991 Thread 0x00000187ad591850 shut down JVMCI runtime 0
Event: 76.997 Thread 0x00000187ad591850 destroyed JavaVM[4]@0x00000187f3c97c98 for JVMCI runtime 0
Event: 76.997 Thread 0x00000187ad591850 releasing handles for JVMCI runtime 0: oop handles=49, metadata handles={total=95, live=84, blocks=49}
Event: 76.997 Thread 0x00000187ad591850 detached from JVMCI runtime 0
Event: 99.650 Thread 0x00000187ad591850 attached to JVMCI runtime 0
Event: 99.656 Thread 0x00000187ad591850 created JavaVM[5]@0x00000187f3c97c98 for JVMCI runtime 0
Event: 99.656 Thread 0x00000187ad591850 initializing JVMCI runtime 0
Event: 99.656 Thread 0x00000187ad591850 done waiting for JavaVM references initialization in JVMCI runtime 0
Event: 99.657 Thread 0x00000187ad591850 initialized JVMCI runtime 0
Event: 99.704 Thread 0x00000187ad591850 compacted oop handles in JVMCI runtime 0 from 58 to 57
Event: 100.722 Thread 0x00000187ad591850 detaching from JVMCI runtime 0: releasing idle compiler thread (0 other threads still attached)
Event: 100.722 Thread 0x00000187ad591850 shutting down HotSpotJVMCIRuntime for JVMCI runtime 0
Event: 100.722 Thread 0x00000187ad591850 shut down JVMCI runtime 0
Event: 100.726 Thread 0x00000187ad591850 destroyed JavaVM[5]@0x00000187f3c97c98 for JVMCI runtime 0
Event: 100.726 Thread 0x00000187ad591850 releasing handles for JVMCI runtime 0: oop handles=60, metadata handles={total=110, live=110, blocks=49}
Event: 100.726 Thread 0x00000187ad591850 detached from JVMCI runtime 0
Event: 109.818 Thread 0x00000187ad591850 attached to JVMCI runtime 0

Compilation events (20 events):
Event: 109.812 Thread 0x00000187ad592210 7021       3       sun.security.util.DerInputStream::<init> (38 bytes)
Event: 109.813 Thread 0x00000187ad592210 nmethod 7021 0x0000018798317790 code [0x0000018798317920, 0x0000018798317af8]
Event: 109.813 Thread 0x00000187ad592210 7024       3       sun.security.util.DerValue::<init> (445 bytes)
Event: 109.815 Thread 0x00000187ad592210 nmethod 7024 0x0000018798317b90 code [0x0000018798317f80, 0x00000187983199f8]
Event: 109.815 Thread 0x00000187ad592210 7022       3       sun.security.util.DerValue::data (29 bytes)
Event: 109.815 Thread 0x00000187ad592210 nmethod 7022 0x000001879831a290 code [0x000001879831a440, 0x000001879831a608]
Event: 109.815 Thread 0x00000187ad592210 7025  s    3       java.io.ByteArrayInputStream::read (36 bytes)
Event: 109.815 Thread 0x00000187ad592210 nmethod 7025 0x000001879831a710 code [0x000001879831a8c0, 0x000001879831ab18]
Event: 109.815 Thread 0x00000187ad592210 7023       1       sun.util.calendar.CalendarDate::isNormalized (5 bytes)
Event: 109.815 Thread 0x00000187ad592210 nmethod 7023 0x000001879f349810 code [0x000001879f3499a0, 0x000001879f349a78]
Event: 109.815 Thread 0x00000187ad592210 7026       3       sun.security.util.DerInputStream::getDerValue (76 bytes)
Event: 109.816 Thread 0x00000187ad592210 nmethod 7026 0x000001879831ac10 code [0x000001879831adc0, 0x000001879831b028]
Event: 109.816 Thread 0x00000187ad592210 7027       3       sun.security.util.DerInputStream::available (10 bytes)
Event: 109.816 Thread 0x00000187ad592210 nmethod 7027 0x000001879831b190 code [0x000001879831b320, 0x000001879831b438]
Event: 109.817 Thread 0x00000187ad592210 7028       1       sun.util.calendar.CalendarDate::setNormalized (6 bytes)
Event: 109.817 Thread 0x00000187ad592210 nmethod 7028 0x000001879f349b10 code [0x000001879f349ca0, 0x000001879f349d78]
Event: 109.817 Thread 0x00000187ad592210 7029       1       sun.security.util.DerOutputStream::buf (5 bytes)
Event: 109.818 Thread 0x00000187ad592210 nmethod 7029 0x000001879f349e10 code [0x000001879f349fa0, 0x000001879f34a078]
Event: 109.818 Thread 0x00000187ad591850 7030       4       jdk.internal.reflect.DelegatingConstructorAccessorImpl::newInstance (9 bytes)
Event: 109.818 Thread 0x00000187ad592210 7031       3       sun.security.util.DerValue::toDigit (51 bytes)

GC Heap History (20 events):
Event: 5.871 GC heap before
{Heap before GC invocations=6 (full 0):
 garbage-first heap   total 51200K, used 35274K [0x0000000082000000, 0x0000000100000000)
  region size 1024K, 25 young (25600K), 6 survivors (6144K)
 Metaspace       used 28356K, committed 28736K, reserved 1114112K
  class space    used 3462K, committed 3648K, reserved 1048576K
}
Event: 5.892 GC heap after
{Heap after GC invocations=7 (full 0):
 garbage-first heap   total 51200K, used 17890K [0x0000000082000000, 0x0000000100000000)
  region size 1024K, 4 young (4096K), 4 survivors (4096K)
 Metaspace       used 28356K, committed 28736K, reserved 1114112K
  class space    used 3462K, committed 3648K, reserved 1048576K
}
Event: 6.628 GC heap before
{Heap before GC invocations=7 (full 0):
 garbage-first heap   total 51200K, used 36322K [0x0000000082000000, 0x0000000100000000)
  region size 1024K, 22 young (22528K), 4 survivors (4096K)
 Metaspace       used 31342K, committed 31808K, reserved 1114112K
  class space    used 3831K, committed 4032K, reserved 1048576K
}
Event: 6.648 GC heap after
{Heap after GC invocations=8 (full 0):
 garbage-first heap   total 51200K, used 19601K [0x0000000082000000, 0x0000000100000000)
  region size 1024K, 2 young (2048K), 2 survivors (2048K)
 Metaspace       used 31342K, committed 31808K, reserved 1114112K
  class space    used 3831K, committed 4032K, reserved 1048576K
}
Event: 7.353 GC heap before
{Heap before GC invocations=8 (full 0):
 garbage-first heap   total 51200K, used 33937K [0x0000000082000000, 0x0000000100000000)
  region size 1024K, 18 young (18432K), 2 survivors (2048K)
 Metaspace       used 35622K, committed 35968K, reserved 1114112K
  class space    used 4431K, committed 4608K, reserved 1048576K
}
Event: 7.363 GC heap after
{Heap after GC invocations=9 (full 0):
 garbage-first heap   total 51200K, used 19742K [0x0000000082000000, 0x0000000100000000)
  region size 1024K, 2 young (2048K), 2 survivors (2048K)
 Metaspace       used 35622K, committed 35968K, reserved 1114112K
  class space    used 4431K, committed 4608K, reserved 1048576K
}
Event: 8.628 GC heap before
{Heap before GC invocations=10 (full 0):
 garbage-first heap   total 51200K, used 39198K [0x0000000082000000, 0x0000000100000000)
  region size 1024K, 21 young (21504K), 2 survivors (2048K)
 Metaspace       used 44146K, committed 44544K, reserved 1114112K
  class space    used 5521K, committed 5696K, reserved 1048576K
}
Event: 8.639 GC heap after
{Heap after GC invocations=11 (full 0):
 garbage-first heap   total 51200K, used 21875K [0x0000000082000000, 0x0000000100000000)
  region size 1024K, 3 young (3072K), 3 survivors (3072K)
 Metaspace       used 44146K, committed 44544K, reserved 1114112K
  class space    used 5521K, committed 5696K, reserved 1048576K
}
Event: 8.667 GC heap before
{Heap before GC invocations=11 (full 0):
 garbage-first heap   total 51200K, used 21875K [0x0000000082000000, 0x0000000100000000)
  region size 1024K, 4 young (4096K), 3 survivors (3072K)
 Metaspace       used 44444K, committed 44864K, reserved 1114112K
  class space    used 5564K, committed 5760K, reserved 1048576K
}
Event: 8.677 GC heap after
{Heap after GC invocations=12 (full 0):
 garbage-first heap   total 51200K, used 22131K [0x0000000082000000, 0x0000000100000000)
  region size 1024K, 1 young (1024K), 1 survivors (1024K)
 Metaspace       used 44444K, committed 44864K, reserved 1114112K
  class space    used 5564K, committed 5760K, reserved 1048576K
}
Event: 9.464 GC heap before
{Heap before GC invocations=12 (full 0):
 garbage-first heap   total 51200K, used 37491K [0x0000000082000000, 0x0000000100000000)
  region size 1024K, 17 young (17408K), 1 survivors (1024K)
 Metaspace       used 48030K, committed 48384K, reserved 1114112K
  class space    used 6033K, committed 6208K, reserved 1048576K
}
Event: 9.469 GC heap after
{Heap after GC invocations=13 (full 0):
 garbage-first heap   total 100352K, used 22976K [0x0000000082000000, 0x0000000100000000)
  region size 1024K, 2 young (2048K), 2 survivors (2048K)
 Metaspace       used 48030K, committed 48384K, reserved 1114112K
  class space    used 6033K, committed 6208K, reserved 1048576K
}
Event: 12.819 GC heap before
{Heap before GC invocations=14 (full 0):
 garbage-first heap   total 86016K, used 76224K [0x0000000082000000, 0x0000000100000000)
  region size 1024K, 54 young (55296K), 2 survivors (2048K)
 Metaspace       used 61023K, committed 61568K, reserved 1114112K
  class space    used 7981K, committed 8256K, reserved 1048576K
}
Event: 12.830 GC heap after
{Heap after GC invocations=15 (full 0):
 garbage-first heap   total 86016K, used 25583K [0x0000000082000000, 0x0000000100000000)
  region size 1024K, 4 young (4096K), 4 survivors (4096K)
 Metaspace       used 61023K, committed 61568K, reserved 1114112K
  class space    used 7981K, committed 8256K, reserved 1048576K
}
Event: 14.372 GC heap before
{Heap before GC invocations=15 (full 0):
 garbage-first heap   total 86016K, used 66543K [0x0000000082000000, 0x0000000100000000)
  region size 1024K, 44 young (45056K), 4 survivors (4096K)
 Metaspace       used 64458K, committed 64960K, reserved 1114112K
  class space    used 8471K, committed 8704K, reserved 1048576K
}
Event: 14.383 GC heap after
{Heap after GC invocations=16 (full 0):
 garbage-first heap   total 86016K, used 27769K [0x0000000082000000, 0x0000000100000000)
  region size 1024K, 5 young (5120K), 5 survivors (5120K)
 Metaspace       used 64458K, committed 64960K, reserved 1114112K
  class space    used 8471K, committed 8704K, reserved 1048576K
}
Event: 15.670 GC heap before
{Heap before GC invocations=16 (full 0):
 garbage-first heap   total 86016K, used 66681K [0x0000000082000000, 0x0000000100000000)
  region size 1024K, 43 young (44032K), 5 survivors (5120K)
 Metaspace       used 68450K, committed 68992K, reserved 1114112K
  class space    used 8988K, committed 9216K, reserved 1048576K
}
Event: 15.684 GC heap after
{Heap after GC invocations=17 (full 0):
 garbage-first heap   total 86016K, used 30307K [0x0000000082000000, 0x0000000100000000)
  region size 1024K, 5 young (5120K), 5 survivors (5120K)
 Metaspace       used 68450K, committed 68992K, reserved 1114112K
  class space    used 8988K, committed 9216K, reserved 1048576K
}
Event: 32.762 GC heap before
{Heap before GC invocations=17 (full 0):
 garbage-first heap   total 86016K, used 66147K [0x0000000082000000, 0x0000000100000000)
  region size 1024K, 41 young (41984K), 5 survivors (5120K)
 Metaspace       used 75370K, committed 75968K, reserved 1179648K
  class space    used 9962K, committed 10240K, reserved 1048576K
}
Event: 32.772 GC heap after
{Heap after GC invocations=18 (full 0):
 garbage-first heap   total 86016K, used 32553K [0x0000000082000000, 0x0000000100000000)
  region size 1024K, 5 young (5120K), 5 survivors (5120K)
 Metaspace       used 75370K, committed 75968K, reserved 1179648K
  class space    used 9962K, committed 10240K, reserved 1048576K
}

Dll operation events (14 events):
Event: 0.013 Loaded shared library C:\Users\SHUBHAM\.jdks\graalvm-jdk-17.0.8\bin\java.dll
Event: 0.038 Loaded shared library C:\Users\SHUBHAM\.jdks\graalvm-jdk-17.0.8\bin\jsvml.dll
Event: 0.179 Loaded shared library C:\Users\SHUBHAM\.jdks\graalvm-jdk-17.0.8\bin\zip.dll
Event: 0.182 Loaded shared library C:\Users\SHUBHAM\.jdks\graalvm-jdk-17.0.8\bin\jvmcicompiler.dll
Event: 0.183 Loaded shared library C:\Users\SHUBHAM\.jdks\graalvm-jdk-17.0.8\bin\instrument.dll
Event: 0.193 Loaded shared library C:\Users\SHUBHAM\.jdks\graalvm-jdk-17.0.8\bin\net.dll
Event: 0.194 Loaded shared library C:\Users\SHUBHAM\.jdks\graalvm-jdk-17.0.8\bin\nio.dll
Event: 0.197 Loaded shared library C:\Users\SHUBHAM\.jdks\graalvm-jdk-17.0.8\bin\zip.dll
Event: 0.203 Loaded shared library C:\Users\SHUBHAM\.jdks\graalvm-jdk-17.0.8\bin\jimage.dll
Event: 0.341 Loaded shared library C:\Program Files\JetBrains\IntelliJ IDEA Community Edition 2022.3.2\bin\breakgen64.dll
Event: 2.208 Loaded shared library C:\Users\SHUBHAM\.jdks\graalvm-jdk-17.0.8\bin\sunmscapi.dll
Event: 6.210 Loaded shared library C:\Users\SHUBHAM\.jdks\graalvm-jdk-17.0.8\bin\management.dll
Event: 6.214 Loaded shared library C:\Users\SHUBHAM\.jdks\graalvm-jdk-17.0.8\bin\management_ext.dll
Event: 7.271 Loaded shared library C:\Users\SHUBHAM\.jdks\graalvm-jdk-17.0.8\bin\verify.dll

Deoptimization events (20 events):
Event: 32.304 Thread 0x00000187f6b57e40 Uncommon trap: trap_request=0xffffffed fr.pc=0x000001879f2f6031 relative=0x0000000000000831
Event: 32.304 Thread 0x00000187f6b57e40 Uncommon trap: reason=null_assert_or_unreached0 action=reinterpret pc=0x000001879f2f6031 method=java.lang.Class.getMethod(Ljava/lang/String;[Ljava/lang/Class;)Ljava/lang/reflect/Method; @ 0 jvmci
Event: 32.304 Thread 0x00000187f6b57e40 DEOPT PACKING pc=0x000001879f2f6031 sp=0x0000001981af92f0
Event: 32.304 Thread 0x00000187f6b57e40 DEOPT UNPACKING pc=0x000001879eb06f45 sp=0x0000001981af87b8 mode 3
Event: 32.304 Thread 0x00000187f6b57e40 Uncommon trap: trap_request=0xffffffed fr.pc=0x000001879f2f9b1a relative=0x000000000000037a
Event: 32.304 Thread 0x00000187f6b57e40 Uncommon trap: reason=null_assert_or_unreached0 action=reinterpret pc=0x000001879f2f9b1a method=java.lang.Class.getMethod0(Ljava/lang/String;[Ljava/lang/Class;)Ljava/lang/reflect/Method; @ 0 jvmci
Event: 32.304 Thread 0x00000187f6b57e40 DEOPT PACKING pc=0x000001879f2f9b1a sp=0x0000001981af9290
Event: 32.304 Thread 0x00000187f6b57e40 DEOPT UNPACKING pc=0x000001879eb06f45 sp=0x0000001981af8730 mode 3
Event: 32.399 Thread 0x00000187f6b57e40 DEOPT PACKING pc=0x000001879f13db34 sp=0x0000001981afbb60
Event: 32.399 Thread 0x00000187f6b57e40 DEOPT UNPACKING pc=0x000001879eb06f45 sp=0x0000001981afb008 mode 0
Event: 32.399 Thread 0x00000187f6b57e40 DEOPT PACKING pc=0x000001879f26ec28 sp=0x0000001981afbe70
Event: 32.399 Thread 0x00000187f6b57e40 DEOPT UNPACKING pc=0x000001879eb06f45 sp=0x0000001981afb2f8 mode 0
Event: 32.936 Thread 0x00000187f6b57e40 Uncommon trap: trap_request=0xffffffed fr.pc=0x000001879f2bd005 relative=0x00000000000003c5
Event: 32.936 Thread 0x00000187f6b57e40 Uncommon trap: reason=null_assert_or_unreached0 action=reinterpret pc=0x000001879f2bd005 method=java.lang.StringBuilder.append(Ljava/lang/String;)Ljava/lang/StringBuilder; @ 0 jvmci
Event: 32.936 Thread 0x00000187f6b57e40 DEOPT PACKING pc=0x000001879f2bd005 sp=0x0000001981af9ff0
Event: 32.937 Thread 0x00000187f6b57e40 DEOPT UNPACKING pc=0x000001879eb06f45 sp=0x0000001981af94b8 mode 3
Event: 32.937 Thread 0x00000187f6b57e40 Uncommon trap: trap_request=0xffffffed fr.pc=0x000001879f283a85 relative=0x00000000000003c5
Event: 32.937 Thread 0x00000187f6b57e40 Uncommon trap: reason=null_assert_or_unreached0 action=reinterpret pc=0x000001879f283a85 method=java.lang.AbstractStringBuilder.append(Ljava/lang/String;)Ljava/lang/AbstractStringBuilder; @ 0 jvmci
Event: 32.937 Thread 0x00000187f6b57e40 DEOPT PACKING pc=0x000001879f283a85 sp=0x0000001981af9f80
Event: 32.937 Thread 0x00000187f6b57e40 DEOPT UNPACKING pc=0x000001879eb06f45 sp=0x0000001981af9440 mode 3

Classes unloaded (0 events):
No events

Classes redefined (0 events):
No events

Internal exceptions (20 events):
Event: 15.399 Thread 0x000001878d8b5260 Exception <a 'java/lang/NoSuchMethodError'{0x0000000085529d78}: 'void java.lang.invoke.DirectMethodHandle$Holder.invokeVirtual(java.lang.Object, java.lang.Object, long)'> (0x0000000085529d78) 
thrown [s\src\hotspot\share\interpreter\linkResolver.cpp, line 759]
Event: 15.782 Thread 0x000001878d8b5260 Exception <a 'java/lang/IncompatibleClassChangeError'{0x0000000087133508}: Found class java.lang.Object, but interface was expected> (0x0000000087133508) 
thrown [s\src\hotspot\share\interpreter\linkResolver.cpp, line 826]
Event: 15.805 Thread 0x000001878d8b5260 Implicit null exception at 0x000001879f1ba59b to 0x000001879f1ba886
Event: 15.933 Thread 0x000001878d8b5260 Exception <a 'java/lang/NoSuchMethodError'{0x0000000086a07518}: 'java.lang.Object java.lang.invoke.DirectMethodHandle$Holder.newInvokeSpecial(java.lang.Object, java.lang.Object, int, java.lang.Object, java.lang.Object)'> (0x0000000086a07518) 
thrown [s\src\hotspot\share\interpreter\linkResolver.cpp, line 759]
Event: 15.934 Thread 0x000001878d8b5260 Exception <a 'java/lang/NoSuchMethodError'{0x0000000086a12b90}: 'java.lang.Object java.lang.invoke.DirectMethodHandle$Holder.invokeSpecial(java.lang.Object, java.lang.Object, int, java.lang.Object, int, java.lang.Object)'> (0x0000000086a12b90) 
thrown [s\src\hotspot\share\interpreter\linkResolver.cpp, line 759]
Event: 15.935 Thread 0x000001878d8b5260 Exception <a 'java/lang/NoSuchMethodError'{0x0000000086a1ab38}: 'java.lang.Object java.lang.invoke.DirectMethodHandle$Holder.newInvokeSpecial(java.lang.Object, java.lang.Object, int, java.lang.Object, int)'> (0x0000000086a1ab38) 
thrown [s\src\hotspot\share\interpreter\linkResolver.cpp, line 759]
Event: 15.935 Thread 0x000001878d8b5260 Exception <a 'java/lang/NoSuchMethodError'{0x0000000086a1ec38}: 'java.lang.Object java.lang.invoke.DirectMethodHandle$Holder.invokeSpecial(java.lang.Object, java.lang.Object, java.lang.Object, int, java.lang.Object, int)'> (0x0000000086a1ec38) 
thrown [s\src\hotspot\share\interpreter\linkResolver.cpp, line 759]
Event: 15.986 Thread 0x000001878d8b5260 Implicit null exception at 0x000001879f27c5d0 to 0x000001879f27ca0e
Event: 32.174 Thread 0x00000187f5e33b50 Exception <a 'java/lang/NoSuchMethodError'{0x0000000086685f20}: 'java.lang.Object java.lang.invoke.DirectMethodHandle$Holder.invokeSpecial(java.lang.Object, java.lang.Object, java.lang.Object, java.lang.Object, java.lang.Object, long)'> (0x0000000086685f20) 
thrown [s\src\hotspot\share\interpreter\linkResolver.cpp, line 759]
Event: 32.174 Thread 0x00000187f5e33b50 Exception <a 'java/lang/NoSuchMethodError'{0x0000000086689960}: 'java.lang.Object java.lang.invoke.Invokers$Holder.linkToTargetMethod(java.lang.Object, java.lang.Object, java.lang.Object, long, java.lang.Object)'> (0x0000000086689960) 
thrown [s\src\hotspot\share\interpreter\linkResolver.cpp, line 759]
Event: 32.304 Thread 0x00000187f6b57e40 Implicit null exception at 0x000001879f2f584d to 0x000001879f2f6016
Event: 32.304 Thread 0x00000187f6b57e40 Implicit null exception at 0x000001879f2f97d0 to 0x000001879f2f9aff
Event: 32.589 Thread 0x00000187f6b57e40 Exception <a 'java/lang/NoSuchMethodError'{0x00000000855c4c80}: 'void java.lang.invoke.DirectMethodHandle$Holder.invokeSpecialIFC(java.lang.Object, java.lang.Object, int, java.lang.Object, java.lang.Object, java.lang.Object, java.lang.Object)'> (0x00000000855c4c80) 
thrown [s\src\hotspot\share\interpreter\linkResolver.cpp, line 759]
Event: 32.870 Thread 0x00000187f6b57e40 Exception <a 'java/io/FileNotFoundException'{0x000000008718bda0}> (0x000000008718bda0) 
thrown [s\src\hotspot\share\prims\jni.cpp, line 516]
Event: 32.899 Thread 0x00000187f6b57e40 Exception <a 'java/io/FileNotFoundException'{0x000000008705f630}> (0x000000008705f630) 
thrown [s\src\hotspot\share\prims\jni.cpp, line 516]
Event: 32.936 Thread 0x00000187f6b57e40 Implicit null exception at 0x000001879f2bcc75 to 0x000001879f2bcfea
Event: 32.937 Thread 0x00000187f6b57e40 Implicit null exception at 0x000001879f2836f5 to 0x000001879f283a6a
Event: 32.939 Thread 0x00000187f6b57e40 Exception <a 'java/net/UnknownHostException'{0x0000000086f6e0e8}> (0x0000000086f6e0e8) 
thrown [s\src\hotspot\share\prims\jni.cpp, line 516]
Event: 32.940 Thread 0x00000187f6b57e40 Exception <a 'java/lang/reflect/InvocationTargetException'{0x0000000086f74a08}> (0x0000000086f74a08) 
thrown [s\src\hotspot\share\runtime\reflection.cpp, line 1121]
Event: 32.943 Thread 0x00000187f6b57e40 Exception <a 'java/lang/reflect/InvocationTargetException'{0x0000000086f88210}> (0x0000000086f88210) 
thrown [s\src\hotspot\share\runtime\reflection.cpp, line 1121]

VM Operations (20 events):
Event: 32.399 Executing VM operation: HandshakeAllThreads
Event: 32.399 Executing VM operation: HandshakeAllThreads done
Event: 32.405 Executing VM operation: ICBufferFull
Event: 32.405 Executing VM operation: ICBufferFull done
Event: 32.485 Executing VM operation: HandshakeAllThreads
Event: 32.485 Executing VM operation: HandshakeAllThreads done
Event: 32.499 Executing VM operation: ICBufferFull
Event: 32.499 Executing VM operation: ICBufferFull done
Event: 32.702 Executing VM operation: HandshakeAllThreads
Event: 32.702 Executing VM operation: HandshakeAllThreads done
Event: 32.762 Executing VM operation: G1CollectForAllocation
Event: 32.772 Executing VM operation: G1CollectForAllocation done
Event: 32.799 Executing VM operation: HandshakeAllThreads
Event: 32.799 Executing VM operation: HandshakeAllThreads done
Event: 33.811 Executing VM operation: Cleanup
Event: 33.811 Executing VM operation: Cleanup done
Event: 60.070 Executing VM operation: HandshakeAllThreads
Event: 60.070 Executing VM operation: HandshakeAllThreads done
Event: 100.440 Executing VM operation: Cleanup
Event: 100.440 Executing VM operation: Cleanup done

Events (20 events):
Event: 109.798 loading class sun/security/provider/JavaKeyStore$JKS
Event: 109.800 loading class sun/security/provider/JavaKeyStore
Event: 109.801 loading class sun/security/provider/JavaKeyStore done
Event: 109.801 loading class sun/security/provider/JavaKeyStore$JKS done
Event: 109.802 loading class sun/security/action/OpenFileInputStreamAction
Event: 109.803 loading class sun/security/action/OpenFileInputStreamAction done
Event: 109.806 loading class sun/security/provider/JavaKeyStore$TrustedCertEntry
Event: 109.806 loading class sun/security/provider/JavaKeyStore$TrustedCertEntry done
Event: 109.806 loading class sun/security/x509/SubjectKeyIdentifierExtension
Event: 109.809 loading class sun/security/x509/SubjectKeyIdentifierExtension done
Event: 109.809 loading class sun/security/x509/KeyIdentifier
Event: 109.810 loading class sun/security/x509/KeyIdentifier done
Event: 109.810 loading class sun/security/x509/AuthorityKeyIdentifierExtension
Event: 109.811 loading class sun/security/x509/AuthorityKeyIdentifierExtension done
Event: 109.811 loading class sun/security/x509/GeneralNames
Event: 109.811 loading class sun/security/x509/GeneralNames done
Event: 109.811 loading class sun/security/x509/KeyUsageExtension
Event: 109.812 loading class sun/security/x509/KeyUsageExtension done
Event: 109.813 loading class sun/security/x509/GeneralName
Event: 109.814 loading class sun/security/x509/GeneralName done


Dynamic libraries:
0x00007ff610690000 - 0x00007ff61069e000 	C:\Users\SHUBHAM\.jdks\graalvm-jdk-17.0.8\bin\java.exe
0x00007ffbd0a10000 - 0x00007ffbd0c08000 	C:\WINDOWS\SYSTEM32\ntdll.dll
0x00007ffbcfb40000 - 0x00007ffbcfbfd000 	C:\WINDOWS\System32\KERNEL32.DLL
0x00007ffbce440000 - 0x00007ffbce736000 	C:\WINDOWS\System32\KERNELBASE.dll
0x00007ffbce340000 - 0x00007ffbce440000 	C:\WINDOWS\System32\ucrtbase.dll
0x00007ffbcb110000 - 0x00007ffbcb12b000 	C:\Users\SHUBHAM\.jdks\graalvm-jdk-17.0.8\bin\VCRUNTIME140.dll
0x00007ffbc8a70000 - 0x00007ffbc8a87000 	C:\Users\SHUBHAM\.jdks\graalvm-jdk-17.0.8\bin\jli.dll
0x00007ffbcec90000 - 0x00007ffbcee2e000 	C:\WINDOWS\System32\USER32.dll
0x00007ffbce260000 - 0x00007ffbce282000 	C:\WINDOWS\System32\win32u.dll
0x00007ffbbe8b0000 - 0x00007ffbbeb4a000 	C:\WINDOWS\WinSxS\amd64_microsoft.windows.common-controls_6595b64144ccf1df_6.0.19041.3636_none_60b6a03d71f818d5\COMCTL32.dll
0x00007ffbcf020000 - 0x00007ffbcf04c000 	C:\WINDOWS\System32\GDI32.dll
0x00007ffbcf330000 - 0x00007ffbcf3ce000 	C:\WINDOWS\System32\msvcrt.dll
0x00007ffbce140000 - 0x00007ffbce25a000 	C:\WINDOWS\System32\gdi32full.dll
0x00007ffbce740000 - 0x00007ffbce7dd000 	C:\WINDOWS\System32\msvcp_win.dll
0x00007ffbcf790000 - 0x00007ffbcf7c0000 	C:\WINDOWS\System32\IMM32.DLL
0x00007ffbc9470000 - 0x00007ffbc947c000 	C:\Users\SHUBHAM\.jdks\graalvm-jdk-17.0.8\bin\vcruntime140_1.dll
0x00007ffbc5870000 - 0x00007ffbc58fe000 	C:\Users\SHUBHAM\.jdks\graalvm-jdk-17.0.8\bin\msvcp140.dll
0x00007ffb8bdb0000 - 0x00007ffb8c981000 	C:\Users\SHUBHAM\.jdks\graalvm-jdk-17.0.8\bin\server\jvm.dll
0x00007ffbcee40000 - 0x00007ffbceeef000 	C:\WINDOWS\System32\ADVAPI32.dll
0x00007ffbcfaa0000 - 0x00007ffbcfb3c000 	C:\WINDOWS\System32\sechost.dll
0x00007ffbceef0000 - 0x00007ffbcf016000 	C:\WINDOWS\System32\RPCRT4.dll
0x00007ffbcdf50000 - 0x00007ffbcdf9b000 	C:\WINDOWS\SYSTEM32\POWRPROF.dll
0x00007ffbc93a0000 - 0x00007ffbc93a9000 	C:\WINDOWS\SYSTEM32\WSOCK32.dll
0x00007ffbcf7c0000 - 0x00007ffbcf82b000 	C:\WINDOWS\System32\WS2_32.dll
0x00007ffbbdbe0000 - 0x00007ffbbdc07000 	C:\WINDOWS\SYSTEM32\WINMM.dll
0x00007ffbc6440000 - 0x00007ffbc644a000 	C:\WINDOWS\SYSTEM32\VERSION.dll
0x00007ffbcdf30000 - 0x00007ffbcdf42000 	C:\WINDOWS\SYSTEM32\UMPDC.dll
0x00007ffbcc900000 - 0x00007ffbcc912000 	C:\WINDOWS\SYSTEM32\kernel.appcore.dll
0x00007ffbc9380000 - 0x00007ffbc938a000 	C:\Users\SHUBHAM\.jdks\graalvm-jdk-17.0.8\bin\jimage.dll
0x00007ffbcbe70000 - 0x00007ffbcc054000 	C:\WINDOWS\SYSTEM32\DBGHELP.DLL
0x00007ffbbb7f0000 - 0x00007ffbbb824000 	C:\WINDOWS\SYSTEM32\dbgcore.DLL
0x00007ffbce9b0000 - 0x00007ffbcea32000 	C:\WINDOWS\System32\bcryptPrimitives.dll
0x00007ffbc8a60000 - 0x00007ffbc8a6e000 	C:\Users\SHUBHAM\.jdks\graalvm-jdk-17.0.8\bin\instrument.dll
0x00007ffbc7fc0000 - 0x00007ffbc7fe5000 	C:\Users\SHUBHAM\.jdks\graalvm-jdk-17.0.8\bin\java.dll
0x00007ffb9c870000 - 0x00007ffb9c947000 	C:\Users\SHUBHAM\.jdks\graalvm-jdk-17.0.8\bin\jsvml.dll
0x00007ffbcfe10000 - 0x00007ffbd0554000 	C:\WINDOWS\System32\SHELL32.dll
0x00007ffbcc060000 - 0x00007ffbcc7fb000 	C:\WINDOWS\SYSTEM32\windows.storage.dll
0x00007ffbcf430000 - 0x00007ffbcf784000 	C:\WINDOWS\System32\combase.dll
0x00007ffbcd980000 - 0x00007ffbcd9ad000 	C:\WINDOWS\SYSTEM32\Wldp.dll
0x00007ffbcf990000 - 0x00007ffbcfa3d000 	C:\WINDOWS\System32\SHCORE.dll
0x00007ffbcf3d0000 - 0x00007ffbcf425000 	C:\WINDOWS\System32\shlwapi.dll
0x00007ffbce020000 - 0x00007ffbce045000 	C:\WINDOWS\SYSTEM32\profapi.dll
0x00007ffbc7dd0000 - 0x00007ffbc7de8000 	C:\Users\SHUBHAM\.jdks\graalvm-jdk-17.0.8\bin\zip.dll
0x00007ffb42790000 - 0x00007ffb44a5d000 	C:\Users\SHUBHAM\.jdks\graalvm-jdk-17.0.8\bin\jvmcicompiler.dll
0x00007ffbcec80000 - 0x00007ffbcec88000 	C:\WINDOWS\System32\PSAPI.DLL
0x00007ffbce850000 - 0x00007ffbce9ad000 	C:\WINDOWS\System32\CRYPT32.dll
0x00007ffbcdfa0000 - 0x00007ffbcdfce000 	C:\WINDOWS\SYSTEM32\USERENV.dll
0x00007ffbcd760000 - 0x00007ffbcd7ca000 	C:\WINDOWS\SYSTEM32\MSWSOCK.dll
0x00007ffbcdad0000 - 0x00007ffbcdaf7000 	C:\WINDOWS\SYSTEM32\ncrypt.dll
0x00007ffbcd470000 - 0x00007ffbcd4ab000 	C:\WINDOWS\SYSTEM32\IPHLPAPI.DLL
0x00007ffbcda90000 - 0x00007ffbcdacb000 	C:\WINDOWS\SYSTEM32\NTASN1.dll
0x00007ffbc7fa0000 - 0x00007ffbc7fb9000 	C:\Users\SHUBHAM\.jdks\graalvm-jdk-17.0.8\bin\net.dll
0x00007ffbc6150000 - 0x00007ffbc625a000 	C:\WINDOWS\SYSTEM32\WINHTTP.dll
0x00007ffbc7df0000 - 0x00007ffbc7e06000 	C:\Users\SHUBHAM\.jdks\graalvm-jdk-17.0.8\bin\nio.dll
0x00007ffbc7d90000 - 0x00007ffbc7daa000 	C:\Program Files\JetBrains\IntelliJ IDEA Community Edition 2022.3.2\bin\breakgen64.dll
0x00007ffbc7d80000 - 0x00007ffbc7d8e000 	C:\Users\SHUBHAM\.jdks\graalvm-jdk-17.0.8\bin\sunmscapi.dll
0x00007ffbcd9c0000 - 0x00007ffbcd9d8000 	C:\WINDOWS\SYSTEM32\CRYPTSP.dll
0x00007ffbcd0b0000 - 0x00007ffbcd0e4000 	C:\WINDOWS\system32\rsaenh.dll
0x00007ffbcea40000 - 0x00007ffbcea67000 	C:\WINDOWS\System32\bcrypt.dll
0x00007ffbcd8f0000 - 0x00007ffbcd8fc000 	C:\WINDOWS\SYSTEM32\CRYPTBASE.dll
0x00007ffbcee30000 - 0x00007ffbcee38000 	C:\WINDOWS\System32\NSI.dll
0x00007ffbc6aa0000 - 0x00007ffbc6ab7000 	C:\WINDOWS\SYSTEM32\dhcpcsvc6.DLL
0x00007ffbc6880000 - 0x00007ffbc689d000 	C:\WINDOWS\SYSTEM32\dhcpcsvc.DLL
0x00007ffbcd4b0000 - 0x00007ffbcd57a000 	C:\WINDOWS\SYSTEM32\DNSAPI.dll
0x00007ffbc7e90000 - 0x00007ffbc7e9a000 	C:\Users\SHUBHAM\.jdks\graalvm-jdk-17.0.8\bin\management.dll
0x00007ffbc7dc0000 - 0x00007ffbc7dcb000 	C:\Users\SHUBHAM\.jdks\graalvm-jdk-17.0.8\bin\management_ext.dll
0x00007ffbc7f80000 - 0x00007ffbc7f90000 	C:\Users\SHUBHAM\.jdks\graalvm-jdk-17.0.8\bin\verify.dll
0x00007ffbc55b0000 - 0x00007ffbc55ba000 	C:\Windows\System32\rasadhlp.dll
0x00007ffbc3750000 - 0x00007ffbc37d0000 	C:\WINDOWS\System32\fwpuclnt.dll
0x00007ffbc57a0000 - 0x00007ffbc57a7000 	C:\WINDOWS\system32\wshunix.dll
0x00007ffbb6800000 - 0x00007ffbb6817000 	C:\WINDOWS\system32\napinsp.dll
0x00007ffbb67e0000 - 0x00007ffbb67fb000 	C:\WINDOWS\system32\pnrpnsp.dll
0x00007ffbc9150000 - 0x00007ffbc916d000 	C:\WINDOWS\system32\NLAapi.dll
0x00007ffbb67c0000 - 0x00007ffbb67d5000 	C:\WINDOWS\system32\wshbth.dll
0x00007ffbb67a0000 - 0x00007ffbb67b2000 	C:\WINDOWS\System32\winrnr.dll

dbghelp: loaded successfully - version: 4.0.5 - missing functions: none
symbol engine: initialized successfully - sym options: 0x614 - pdb path: .;C:\Users\SHUBHAM\.jdks\graalvm-jdk-17.0.8\bin;C:\WINDOWS\SYSTEM32;C:\WINDOWS\WinSxS\amd64_microsoft.windows.common-controls_6595b64144ccf1df_6.0.19041.3636_none_60b6a03d71f818d5;C:\Users\SHUBHAM\.jdks\graalvm-jdk-17.0.8\bin\server;C:\Program Files\JetBrains\IntelliJ IDEA Community Edition 2022.3.2\bin

VM Arguments:
jvm_args: -XX:ThreadPriorityPolicy=1 -XX:+UnlockExperimentalVMOptions -XX:+EnableJVMCIProduct -XX:-UnlockExperimentalVMOptions -javaagent:C:\Program Files\JetBrains\IntelliJ IDEA Community Edition 2022.3.2\lib\idea_rt.jar=56010:C:\Program Files\JetBrains\IntelliJ IDEA Community Edition 2022.3.2\bin -Dfile.encoding=UTF-8 
java_command: com.airticket.itc.ItcApplication
java_class_path (initial): F:\WorkProjects\Personal_Projects\ITCBank\Spring\target\classes;C:\Users\SHUBHAM\.m2\repository\org\springframework\boot\spring-boot-starter-data-jpa\3.2.0\spring-boot-starter-data-jpa-3.2.0.jar;C:\Users\SHUBHAM\.m2\repository\org\springframework\boot\spring-boot-starter-aop\3.2.0\spring-boot-starter-aop-3.2.0.jar;C:\Users\SHUBHAM\.m2\repository\org\aspectj\aspectjweaver\1.9.20.1\aspectjweaver-1.9.20.1.jar;C:\Users\SHUBHAM\.m2\repository\org\springframework\boot\spring-boot-starter-jdbc\3.2.0\spring-boot-starter-jdbc-3.2.0.jar;C:\Users\SHUBHAM\.m2\repository\com\zaxxer\HikariCP\5.0.1\HikariCP-5.0.1.jar;C:\Users\SHUBHAM\.m2\repository\org\springframework\spring-jdbc\6.1.1\spring-jdbc-6.1.1.jar;C:\Users\SHUBHAM\.m2\repository\org\hibernate\orm\hibernate-core\6.3.1.Final\hibernate-core-6.3.1.Final.jar;C:\Users\SHUBHAM\.m2\repository\jakarta\persistence\jakarta.persistence-api\3.1.0\jakarta.persistence-api-3.1.0.jar;C:\Users\SHUBHAM\.m2\repository\jakarta\transaction\jakarta.transaction-api\2.0.1\jakarta.transaction-api-2.0.1.jar;C:\Users\SHUBHAM\.m2\repository\org\jboss\logging\jboss-logging\3.5.3.Final\jboss-logging-3.5.3.Final.jar;C:\Users\SHUBHAM\.m2\repository\org\hibernate\common\hibernate-commons-annotations\6.0.6.Final\hibernate-commons-annotations-6.0.6.Final.jar;C:\Users\SHUBHAM\.m2\repository\io\smallrye\jandex\3.1.2\jandex-3.1.2.jar;C:\Users\SHUBHAM\.m2\repository\com\fasterxml\classmate\1.6.0\classmate-1.6.0.jar;C:\Users\SHUBHAM\.m2\repository\net\bytebuddy\byte-buddy\1.14.10\byte-buddy-1.14.10.jar;C:\Users\SHUBHAM\.m2\repository\org\glassfish\jaxb\jaxb-runtime\4.0.4\jaxb-runtime-4.0.4.jar;C:\Users\SHUBHAM\.m2\repository\org\glassfish\jaxb\jaxb-core\4.0.4\jaxb-core-4.0.4.jar;C:\Users\SHUBHAM\.m2\repository\org\glassfish\jaxb\txw2\4.0.4\txw2-4.0.4.jar;C:\Users\SHUBHAM\.m2\repository\com\sun\istack\istack-commons-runtime\4.1.2\istack-commons-runtime-4.1.2.jar;C:\Users\SHUBHAM\.m2\repository\jakarta\inject\jakarta.inject-api\2.0.1\
Launcher Type: SUN_STANDARD

[Global flags]
     intx CICompilerCount                          = 3                                         {product} {ergonomic}
     uint ConcGCThreads                            = 1                                         {product} {ergonomic}
     bool EnableJVMCIProduct                       = true                                {JVMCI product} {jimage}
     uint G1ConcRefinementThreads                  = 4                                         {product} {ergonomic}
   size_t G1HeapRegionSize                         = 1048576                                   {product} {ergonomic}
    uintx GCDrainStackTargetSize                   = 64                                        {product} {ergonomic}
   size_t InitialHeapSize                          = 132120576                                 {product} {ergonomic}
   size_t MarkStackSize                            = 4194304                                   {product} {ergonomic}
   size_t MaxHeapSize                              = 2113929216                                {product} {ergonomic}
   size_t MaxNewSize                               = 1267728384                                {product} {ergonomic}
   size_t MinHeapDeltaBytes                        = 1048576                                   {product} {ergonomic}
   size_t MinHeapSize                              = 8388608                                   {product} {ergonomic}
    uintx NonNMethodCodeHeapSize                   = 6402904                                {pd product} {ergonomic}
    uintx NonProfiledCodeHeapSize                  = 122627668                              {pd product} {ergonomic}
    uintx ProfiledCodeHeapSize                     = 122627668                              {pd product} {ergonomic}
    uintx ReservedCodeCacheSize                    = 251658240                              {pd product} {ergonomic}
     bool SegmentedCodeCache                       = true                                      {product} {ergonomic}
   size_t SoftMaxHeapSize                          = 2113929216                             {manageable} {ergonomic}
     intx ThreadPriorityPolicy                     = 1                                         {product} {jimage}
     bool UseCompressedClassPointers               = true                           {product lp64_product} {ergonomic}
     bool UseCompressedOops                        = true                           {product lp64_product} {ergonomic}
     bool UseG1GC                                  = true                                      {product} {ergonomic}
     bool UseLargePagesIndividualAllocation        = false                                  {pd product} {ergonomic}

Logging:
Log output configuration:
 #0: stdout all=warning uptime,level,tags
 #1: stderr all=off uptime,level,tags

Environment Variables:
PATH=C:\Program Files\Eclipse Adoptium\jdk-11.0.18.10-hotspot\bin;C:\WINDOWS\system32;C:\WINDOWS;C:\WINDOWS\System32\Wbem;C:\WINDOWS\System32\WindowsPowerShell\v1.0\;C:\WINDOWS\System32\OpenSSH\;C:\MinGW\bin;C:\Program Files\Git\cmd;C:\Program Files\PuTTY\;C:\Program Files\nodejs\;C:\Program Files\dotnet\;C:\Program Files\Microsoft SQL Server\150\Tools\Binn\;C:\Program Files\MySQL\MySQL Shell 8.0\bin\;C:\Users\SHUBHAM\AppData\Local\Microsoft\WindowsApps;C:\Users\SHUBHAM\AppData\Local\Programs\Microsoft VS Code\bin;C:\MinGW\bin;C:\Program Files\MongoDB\Server\5.0\bin;C:\Users\SHUBHAM\AppData\Roaming\npm;C:\Users\SHUBHAM\.dotnet\tools;C:\Program Files\JetBrains\IntelliJ IDEA Educational Edition 2022.2.2\bin;;C:\Program Files\JetBrains\IntelliJ IDEA Community Edition 2022.3.2\bin;;C:\Users\SHUBHAM\AppData\Local\GitHubDesktop\bin;C:\Program Files\heroku\bin
USERNAME=SHUBHAM
OS=Windows_NT
PROCESSOR_IDENTIFIER=Intel64 Family 6 Model 142 Stepping 9, GenuineIntel
TMP=C:\Users\SHUBHAM\AppData\Local\Temp
TEMP=C:\Users\SHUBHAM\AppData\Local\Temp



---------------  S Y S T E M  ---------------

OS:
 Windows 10 , 64 bit Build 19041 (10.0.19041.3636)
OS uptime: 8 days 0:12 hours
Hyper-V role detected

CPU: total 4 (initial active 4) (2 cores per cpu, 2 threads per core) family 6 model 142 stepping 9 microcode 0xb4, cx8, cmov, fxsr, ht, mmx, 3dnowpref, sse, sse2, sse3, ssse3, sse4.1, sse4.2, popcnt, lzcnt, tsc, tscinvbit, avx, avx2, aes, erms, clmul, bmi1, bmi2, adx, fma, vzeroupper, clflush, clflushopt, hv
Processor Information for processor 0
  Max Mhz: 2701, Current Mhz: 2500, Mhz Limit: 2701
Processor Information for processor 1
  Max Mhz: 2701, Current Mhz: 2500, Mhz Limit: 2701
Processor Information for processor 2
  Max Mhz: 2701, Current Mhz: 2500, Mhz Limit: 2701
Processor Information for processor 3
  Max Mhz: 2701, Current Mhz: 1500, Mhz Limit: 2701

Memory: 4k page, system-wide physical 8058M (457M free)
TotalPageFile size 23242M (AvailPageFile size 28M)
current process WorkingSet (physical memory assigned to process): 262M, peak: 287M
current process commit charge ("private bytes"): 283M, peak: 309M

vm_info: OpenJDK 64-Bit Server VM (17.0.8+7-jvmci-23.0-b15) for windows-amd64 JRE (17.0.8+7-jvmci-23.0-b15), built on Jul 19 2023 13:49:17 by "" with MS VC++ 17.1 (VS2022)

END.
